Performing C SOURCE FILE Test HAVE_GCC_PREFERRED_STACK_BOUNDARY failed with the following output:
Change Dir: /home/pi/Veilige_soft_test/test_project/test_project/target/debug/build/sdl2-sys-2747283d7028307e/out/build/CMakeFiles/CMakeTmp

Run Build Command:"/usr/bin/make" "cmTC_5baeb/fast"
/usr/bin/make -f CMakeFiles/cmTC_5baeb.dir/build.make CMakeFiles/cmTC_5baeb.dir/build
make[1]: Entering directory '/home/pi/Veilige_soft_test/test_project/test_project/target/debug/build/sdl2-sys-2747283d7028307e/out/build/CMakeFiles/CMakeTmp'
Building C object CMakeFiles/cmTC_5baeb.dir/src.c.o
/usr/bin/cc    -ffunction-sections -fdata-sections -fPIC -march=armv7-a -DHAVE_GCC_PREFERRED_STACK_BOUNDARY -mpreferred-stack-boundary=2   -o CMakeFiles/cmTC_5baeb.dir/src.c.o   -c /home/pi/Veilige_soft_test/test_project/test_project/target/debug/build/sdl2-sys-2747283d7028307e/out/build/CMakeFiles/CMakeTmp/src.c
cc: error: unrecognized command line option ‘-mpreferred-stack-boundary=2’; did you mean ‘-mstructure-size-boundary=’?
CMakeFiles/cmTC_5baeb.dir/build.make:65: recipe for target 'CMakeFiles/cmTC_5baeb.dir/src.c.o' failed
make[1]: *** [CMakeFiles/cmTC_5baeb.dir/src.c.o] Error 1
make[1]: Leaving directory '/home/pi/Veilige_soft_test/test_project/test_project/target/debug/build/sdl2-sys-2747283d7028307e/out/build/CMakeFiles/CMakeTmp'
Makefile:126: recipe for target 'cmTC_5baeb/fast' failed
make: *** [cmTC_5baeb/fast] Error 2

Source file was:
int x = 0; int main(int argc, char **argv) {}
Performing C SOURCE FILE Test HAVE_MMX failed with the following output:
Change Dir: /home/pi/Veilige_soft_test/test_project/test_project/target/debug/build/sdl2-sys-2747283d7028307e/out/build/CMakeFiles/CMakeTmp

Run Build Command:"/usr/bin/make" "cmTC_98a00/fast"
/usr/bin/make -f CMakeFiles/cmTC_98a00.dir/build.make CMakeFiles/cmTC_98a00.dir/build
make[1]: Entering directory '/home/pi/Veilige_soft_test/test_project/test_project/target/debug/build/sdl2-sys-2747283d7028307e/out/build/CMakeFiles/CMakeTmp'
Building C object CMakeFiles/cmTC_98a00.dir/src.c.o
/usr/bin/cc    -ffunction-sections -fdata-sections -fPIC -march=armv7-a -DHAVE_MMX -mmmx   -o CMakeFiles/cmTC_98a00.dir/src.c.o   -c /home/pi/Veilige_soft_test/test_project/test_project/target/debug/build/sdl2-sys-2747283d7028307e/out/build/CMakeFiles/CMakeTmp/src.c
cc: error: unrecognized command line option ‘-mmmx’
CMakeFiles/cmTC_98a00.dir/build.make:65: recipe for target 'CMakeFiles/cmTC_98a00.dir/src.c.o' failed
make[1]: *** [CMakeFiles/cmTC_98a00.dir/src.c.o] Error 1
make[1]: Leaving directory '/home/pi/Veilige_soft_test/test_project/test_project/target/debug/build/sdl2-sys-2747283d7028307e/out/build/CMakeFiles/CMakeTmp'
Makefile:126: recipe for target 'cmTC_98a00/fast' failed
make: *** [cmTC_98a00/fast] Error 2

Source file was:

          #ifdef __MINGW32__
          #include <_mingw.h>
          #ifdef __MINGW64_VERSION_MAJOR
          #include <intrin.h>
          #else
          #include <mmintrin.h>
          #endif
          #else
          #include <mmintrin.h>
          #endif
          #ifndef __MMX__
          #error Assembler CPP flag not enabled
          #endif
          int main(int argc, char **argv) { }
Performing C SOURCE FILE Test HAVE_3DNOW failed with the following output:
Change Dir: /home/pi/Veilige_soft_test/test_project/test_project/target/debug/build/sdl2-sys-2747283d7028307e/out/build/CMakeFiles/CMakeTmp

Run Build Command:"/usr/bin/make" "cmTC_3dcff/fast"
/usr/bin/make -f CMakeFiles/cmTC_3dcff.dir/build.make CMakeFiles/cmTC_3dcff.dir/build
make[1]: Entering directory '/home/pi/Veilige_soft_test/test_project/test_project/target/debug/build/sdl2-sys-2747283d7028307e/out/build/CMakeFiles/CMakeTmp'
Building C object CMakeFiles/cmTC_3dcff.dir/src.c.o
/usr/bin/cc    -ffunction-sections -fdata-sections -fPIC -march=armv7-a -DHAVE_3DNOW -m3dnow   -o CMakeFiles/cmTC_3dcff.dir/src.c.o   -c /home/pi/Veilige_soft_test/test_project/test_project/target/debug/build/sdl2-sys-2747283d7028307e/out/build/CMakeFiles/CMakeTmp/src.c
cc: error: unrecognized command line option ‘-m3dnow’
CMakeFiles/cmTC_3dcff.dir/build.make:65: recipe for target 'CMakeFiles/cmTC_3dcff.dir/src.c.o' failed
make[1]: *** [CMakeFiles/cmTC_3dcff.dir/src.c.o] Error 1
make[1]: Leaving directory '/home/pi/Veilige_soft_test/test_project/test_project/target/debug/build/sdl2-sys-2747283d7028307e/out/build/CMakeFiles/CMakeTmp'
Makefile:126: recipe for target 'cmTC_3dcff/fast' failed
make: *** [cmTC_3dcff/fast] Error 2

Source file was:

          #include <mm3dnow.h>
          #ifndef __3dNOW__
          #error Assembler CPP flag not enabled
          #endif
          int main(int argc, char **argv) {
            void *p = 0;
            _m_prefetch(p);
          }
Performing C SOURCE FILE Test HAVE_SSE failed with the following output:
Change Dir: /home/pi/Veilige_soft_test/test_project/test_project/target/debug/build/sdl2-sys-2747283d7028307e/out/build/CMakeFiles/CMakeTmp

Run Build Command:"/usr/bin/make" "cmTC_9e1ad/fast"
/usr/bin/make -f CMakeFiles/cmTC_9e1ad.dir/build.make CMakeFiles/cmTC_9e1ad.dir/build
make[1]: Entering directory '/home/pi/Veilige_soft_test/test_project/test_project/target/debug/build/sdl2-sys-2747283d7028307e/out/build/CMakeFiles/CMakeTmp'
Building C object CMakeFiles/cmTC_9e1ad.dir/src.c.o
/usr/bin/cc    -ffunction-sections -fdata-sections -fPIC -march=armv7-a -DHAVE_SSE -msse   -o CMakeFiles/cmTC_9e1ad.dir/src.c.o   -c /home/pi/Veilige_soft_test/test_project/test_project/target/debug/build/sdl2-sys-2747283d7028307e/out/build/CMakeFiles/CMakeTmp/src.c
cc: error: unrecognized command line option ‘-msse’; did you mean ‘-fdse’?
CMakeFiles/cmTC_9e1ad.dir/build.make:65: recipe for target 'CMakeFiles/cmTC_9e1ad.dir/src.c.o' failed
make[1]: *** [CMakeFiles/cmTC_9e1ad.dir/src.c.o] Error 1
make[1]: Leaving directory '/home/pi/Veilige_soft_test/test_project/test_project/target/debug/build/sdl2-sys-2747283d7028307e/out/build/CMakeFiles/CMakeTmp'
Makefile:126: recipe for target 'cmTC_9e1ad/fast' failed
make: *** [cmTC_9e1ad/fast] Error 2

Source file was:

          #ifdef __MINGW32__
          #include <_mingw.h>
          #ifdef __MINGW64_VERSION_MAJOR
          #include <intrin.h>
          #else
          #include <xmmintrin.h>
          #endif
          #else
          #include <xmmintrin.h>
          #endif
          #ifndef __SSE__
          #error Assembler CPP flag not enabled
          #endif
          int main(int argc, char **argv) { }
Performing C SOURCE FILE Test HAVE_ALTIVEC_H_HDR failed with the following output:
Change Dir: /home/pi/Veilige_soft_test/test_project/test_project/target/debug/build/sdl2-sys-2747283d7028307e/out/build/CMakeFiles/CMakeTmp

Run Build Command:"/usr/bin/make" "cmTC_ea842/fast"
/usr/bin/make -f CMakeFiles/cmTC_ea842.dir/build.make CMakeFiles/cmTC_ea842.dir/build
make[1]: Entering directory '/home/pi/Veilige_soft_test/test_project/test_project/target/debug/build/sdl2-sys-2747283d7028307e/out/build/CMakeFiles/CMakeTmp'
Building C object CMakeFiles/cmTC_ea842.dir/src.c.o
/usr/bin/cc    -ffunction-sections -fdata-sections -fPIC -march=armv7-a -DHAVE_ALTIVEC_H_HDR -maltivec   -o CMakeFiles/cmTC_ea842.dir/src.c.o   -c /home/pi/Veilige_soft_test/test_project/test_project/target/debug/build/sdl2-sys-2747283d7028307e/out/build/CMakeFiles/CMakeTmp/src.c
cc: error: unrecognized command line option ‘-maltivec’; did you mean ‘-mglibc’?
CMakeFiles/cmTC_ea842.dir/build.make:65: recipe for target 'CMakeFiles/cmTC_ea842.dir/src.c.o' failed
make[1]: *** [CMakeFiles/cmTC_ea842.dir/src.c.o] Error 1
make[1]: Leaving directory '/home/pi/Veilige_soft_test/test_project/test_project/target/debug/build/sdl2-sys-2747283d7028307e/out/build/CMakeFiles/CMakeTmp'
Makefile:126: recipe for target 'cmTC_ea842/fast' failed
make: *** [cmTC_ea842/fast] Error 2

Source file was:

          #include <altivec.h>
          vector unsigned int vzero() {
              return vec_splat_u32(0);
          }
          int main(int argc, char **argv) { }
Performing C SOURCE FILE Test HAVE_ALTIVEC failed with the following output:
Change Dir: /home/pi/Veilige_soft_test/test_project/test_project/target/debug/build/sdl2-sys-2747283d7028307e/out/build/CMakeFiles/CMakeTmp

Run Build Command:"/usr/bin/make" "cmTC_3e64e/fast"
/usr/bin/make -f CMakeFiles/cmTC_3e64e.dir/build.make CMakeFiles/cmTC_3e64e.dir/build
make[1]: Entering directory '/home/pi/Veilige_soft_test/test_project/test_project/target/debug/build/sdl2-sys-2747283d7028307e/out/build/CMakeFiles/CMakeTmp'
Building C object CMakeFiles/cmTC_3e64e.dir/src.c.o
/usr/bin/cc    -ffunction-sections -fdata-sections -fPIC -march=armv7-a -DHAVE_ALTIVEC -maltivec   -o CMakeFiles/cmTC_3e64e.dir/src.c.o   -c /home/pi/Veilige_soft_test/test_project/test_project/target/debug/build/sdl2-sys-2747283d7028307e/out/build/CMakeFiles/CMakeTmp/src.c
cc: error: unrecognized command line option ‘-maltivec’; did you mean ‘-mglibc’?
CMakeFiles/cmTC_3e64e.dir/build.make:65: recipe for target 'CMakeFiles/cmTC_3e64e.dir/src.c.o' failed
make[1]: *** [CMakeFiles/cmTC_3e64e.dir/src.c.o] Error 1
make[1]: Leaving directory '/home/pi/Veilige_soft_test/test_project/test_project/target/debug/build/sdl2-sys-2747283d7028307e/out/build/CMakeFiles/CMakeTmp'
Makefile:126: recipe for target 'cmTC_3e64e/fast' failed
make: *** [cmTC_3e64e/fast] Error 2

Source file was:

          vector unsigned int vzero() {
              return vec_splat_u32(0);
          }
          int main(int argc, char **argv) { }
Determining if the function strlcpy exists failed with the following output:
Change Dir: /home/pi/Veilige_soft_test/test_project/test_project/target/debug/build/sdl2-sys-2747283d7028307e/out/build/CMakeFiles/CMakeTmp

Run Build Command:"/usr/bin/make" "cmTC_79483/fast"
/usr/bin/make -f CMakeFiles/cmTC_79483.dir/build.make CMakeFiles/cmTC_79483.dir/build
make[1]: Entering directory '/home/pi/Veilige_soft_test/test_project/test_project/target/debug/build/sdl2-sys-2747283d7028307e/out/build/CMakeFiles/CMakeTmp'
Building C object CMakeFiles/cmTC_79483.dir/CheckFunctionExists.c.o
/usr/bin/cc    -ffunction-sections -fdata-sections -fPIC -march=armv7-a -DCHECK_FUNCTION_EXISTS=strlcpy   -o CMakeFiles/cmTC_79483.dir/CheckFunctionExists.c.o   -c /usr/share/cmake-3.7/Modules/CheckFunctionExists.c
Linking C executable cmTC_79483
/usr/bin/cmake -E cmake_link_script CMakeFiles/cmTC_79483.dir/link.txt --verbose=1
/usr/bin/cc   -ffunction-sections -fdata-sections -fPIC -march=armv7-a -DCHECK_FUNCTION_EXISTS=strlcpy    CMakeFiles/cmTC_79483.dir/CheckFunctionExists.c.o  -o cmTC_79483 -rdynamic 
CMakeFiles/cmTC_79483.dir/CheckFunctionExists.c.o: In function `main':
CheckFunctionExists.c:(.text.main+0x14): undefined reference to `strlcpy'
collect2: error: ld returned 1 exit status
CMakeFiles/cmTC_79483.dir/build.make:97: recipe for target 'cmTC_79483' failed
make[1]: *** [cmTC_79483] Error 1
make[1]: Leaving directory '/home/pi/Veilige_soft_test/test_project/test_project/target/debug/build/sdl2-sys-2747283d7028307e/out/build/CMakeFiles/CMakeTmp'
Makefile:126: recipe for target 'cmTC_79483/fast' failed
make: *** [cmTC_79483/fast] Error 2


Determining if the function strlcat exists failed with the following output:
Change Dir: /home/pi/Veilige_soft_test/test_project/test_project/target/debug/build/sdl2-sys-2747283d7028307e/out/build/CMakeFiles/CMakeTmp

Run Build Command:"/usr/bin/make" "cmTC_b88f7/fast"
/usr/bin/make -f CMakeFiles/cmTC_b88f7.dir/build.make CMakeFiles/cmTC_b88f7.dir/build
make[1]: Entering directory '/home/pi/Veilige_soft_test/test_project/test_project/target/debug/build/sdl2-sys-2747283d7028307e/out/build/CMakeFiles/CMakeTmp'
Building C object CMakeFiles/cmTC_b88f7.dir/CheckFunctionExists.c.o
/usr/bin/cc    -ffunction-sections -fdata-sections -fPIC -march=armv7-a -DCHECK_FUNCTION_EXISTS=strlcat   -o CMakeFiles/cmTC_b88f7.dir/CheckFunctionExists.c.o   -c /usr/share/cmake-3.7/Modules/CheckFunctionExists.c
Linking C executable cmTC_b88f7
/usr/bin/cmake -E cmake_link_script CMakeFiles/cmTC_b88f7.dir/link.txt --verbose=1
/usr/bin/cc   -ffunction-sections -fdata-sections -fPIC -march=armv7-a -DCHECK_FUNCTION_EXISTS=strlcat    CMakeFiles/cmTC_b88f7.dir/CheckFunctionExists.c.o  -o cmTC_b88f7 -rdynamic 
CMakeFiles/cmTC_b88f7.dir/CheckFunctionExists.c.o: In function `main':
CheckFunctionExists.c:(.text.main+0x14): undefined reference to `strlcat'
collect2: error: ld returned 1 exit status
CMakeFiles/cmTC_b88f7.dir/build.make:97: recipe for target 'cmTC_b88f7' failed
make[1]: *** [cmTC_b88f7] Error 1
make[1]: Leaving directory '/home/pi/Veilige_soft_test/test_project/test_project/target/debug/build/sdl2-sys-2747283d7028307e/out/build/CMakeFiles/CMakeTmp'
Makefile:126: recipe for target 'cmTC_b88f7/fast' failed
make: *** [cmTC_b88f7/fast] Error 2


Determining if the function _strrev exists failed with the following output:
Change Dir: /home/pi/Veilige_soft_test/test_project/test_project/target/debug/build/sdl2-sys-2747283d7028307e/out/build/CMakeFiles/CMakeTmp

Run Build Command:"/usr/bin/make" "cmTC_7f90a/fast"
/usr/bin/make -f CMakeFiles/cmTC_7f90a.dir/build.make CMakeFiles/cmTC_7f90a.dir/build
make[1]: Entering directory '/home/pi/Veilige_soft_test/test_project/test_project/target/debug/build/sdl2-sys-2747283d7028307e/out/build/CMakeFiles/CMakeTmp'
Building C object CMakeFiles/cmTC_7f90a.dir/CheckFunctionExists.c.o
/usr/bin/cc    -ffunction-sections -fdata-sections -fPIC -march=armv7-a -DCHECK_FUNCTION_EXISTS=_strrev   -o CMakeFiles/cmTC_7f90a.dir/CheckFunctionExists.c.o   -c /usr/share/cmake-3.7/Modules/CheckFunctionExists.c
Linking C executable cmTC_7f90a
/usr/bin/cmake -E cmake_link_script CMakeFiles/cmTC_7f90a.dir/link.txt --verbose=1
/usr/bin/cc   -ffunction-sections -fdata-sections -fPIC -march=armv7-a -DCHECK_FUNCTION_EXISTS=_strrev    CMakeFiles/cmTC_7f90a.dir/CheckFunctionExists.c.o  -o cmTC_7f90a -rdynamic 
CMakeFiles/cmTC_7f90a.dir/CheckFunctionExists.c.o: In function `main':
CheckFunctionExists.c:(.text.main+0x14): undefined reference to `_strrev'
collect2: error: ld returned 1 exit status
CMakeFiles/cmTC_7f90a.dir/build.make:97: recipe for target 'cmTC_7f90a' failed
make[1]: *** [cmTC_7f90a] Error 1
make[1]: Leaving directory '/home/pi/Veilige_soft_test/test_project/test_project/target/debug/build/sdl2-sys-2747283d7028307e/out/build/CMakeFiles/CMakeTmp'
Makefile:126: recipe for target 'cmTC_7f90a/fast' failed
make: *** [cmTC_7f90a/fast] Error 2


Determining if the function _strupr exists failed with the following output:
Change Dir: /home/pi/Veilige_soft_test/test_project/test_project/target/debug/build/sdl2-sys-2747283d7028307e/out/build/CMakeFiles/CMakeTmp

Run Build Command:"/usr/bin/make" "cmTC_374b1/fast"
/usr/bin/make -f CMakeFiles/cmTC_374b1.dir/build.make CMakeFiles/cmTC_374b1.dir/build
make[1]: Entering directory '/home/pi/Veilige_soft_test/test_project/test_project/target/debug/build/sdl2-sys-2747283d7028307e/out/build/CMakeFiles/CMakeTmp'
Building C object CMakeFiles/cmTC_374b1.dir/CheckFunctionExists.c.o
/usr/bin/cc    -ffunction-sections -fdata-sections -fPIC -march=armv7-a -DCHECK_FUNCTION_EXISTS=_strupr   -o CMakeFiles/cmTC_374b1.dir/CheckFunctionExists.c.o   -c /usr/share/cmake-3.7/Modules/CheckFunctionExists.c
Linking C executable cmTC_374b1
/usr/bin/cmake -E cmake_link_script CMakeFiles/cmTC_374b1.dir/link.txt --verbose=1
/usr/bin/cc   -ffunction-sections -fdata-sections -fPIC -march=armv7-a -DCHECK_FUNCTION_EXISTS=_strupr    CMakeFiles/cmTC_374b1.dir/CheckFunctionExists.c.o  -o cmTC_374b1 -rdynamic 
CMakeFiles/cmTC_374b1.dir/CheckFunctionExists.c.o: In function `main':
CheckFunctionExists.c:(.text.main+0x14): undefined reference to `_strupr'
collect2: error: ld returned 1 exit status
CMakeFiles/cmTC_374b1.dir/build.make:97: recipe for target 'cmTC_374b1' failed
make[1]: *** [cmTC_374b1] Error 1
make[1]: Leaving directory '/home/pi/Veilige_soft_test/test_project/test_project/target/debug/build/sdl2-sys-2747283d7028307e/out/build/CMakeFiles/CMakeTmp'
Makefile:126: recipe for target 'cmTC_374b1/fast' failed
make: *** [cmTC_374b1/fast] Error 2


Determining if the function _strlwr exists failed with the following output:
Change Dir: /home/pi/Veilige_soft_test/test_project/test_project/target/debug/build/sdl2-sys-2747283d7028307e/out/build/CMakeFiles/CMakeTmp

Run Build Command:"/usr/bin/make" "cmTC_c2a73/fast"
/usr/bin/make -f CMakeFiles/cmTC_c2a73.dir/build.make CMakeFiles/cmTC_c2a73.dir/build
make[1]: Entering directory '/home/pi/Veilige_soft_test/test_project/test_project/target/debug/build/sdl2-sys-2747283d7028307e/out/build/CMakeFiles/CMakeTmp'
Building C object CMakeFiles/cmTC_c2a73.dir/CheckFunctionExists.c.o
/usr/bin/cc    -ffunction-sections -fdata-sections -fPIC -march=armv7-a -DCHECK_FUNCTION_EXISTS=_strlwr   -o CMakeFiles/cmTC_c2a73.dir/CheckFunctionExists.c.o   -c /usr/share/cmake-3.7/Modules/CheckFunctionExists.c
Linking C executable cmTC_c2a73
/usr/bin/cmake -E cmake_link_script CMakeFiles/cmTC_c2a73.dir/link.txt --verbose=1
/usr/bin/cc   -ffunction-sections -fdata-sections -fPIC -march=armv7-a -DCHECK_FUNCTION_EXISTS=_strlwr    CMakeFiles/cmTC_c2a73.dir/CheckFunctionExists.c.o  -o cmTC_c2a73 -rdynamic 
CMakeFiles/cmTC_c2a73.dir/CheckFunctionExists.c.o: In function `main':
CheckFunctionExists.c:(.text.main+0x14): undefined reference to `_strlwr'
collect2: error: ld returned 1 exit status
CMakeFiles/cmTC_c2a73.dir/build.make:97: recipe for target 'cmTC_c2a73' failed
make[1]: *** [cmTC_c2a73] Error 1
make[1]: Leaving directory '/home/pi/Veilige_soft_test/test_project/test_project/target/debug/build/sdl2-sys-2747283d7028307e/out/build/CMakeFiles/CMakeTmp'
Makefile:126: recipe for target 'cmTC_c2a73/fast' failed
make: *** [cmTC_c2a73/fast] Error 2


Determining if the function itoa exists failed with the following output:
Change Dir: /home/pi/Veilige_soft_test/test_project/test_project/target/debug/build/sdl2-sys-2747283d7028307e/out/build/CMakeFiles/CMakeTmp

Run Build Command:"/usr/bin/make" "cmTC_3a95b/fast"
/usr/bin/make -f CMakeFiles/cmTC_3a95b.dir/build.make CMakeFiles/cmTC_3a95b.dir/build
make[1]: Entering directory '/home/pi/Veilige_soft_test/test_project/test_project/target/debug/build/sdl2-sys-2747283d7028307e/out/build/CMakeFiles/CMakeTmp'
Building C object CMakeFiles/cmTC_3a95b.dir/CheckFunctionExists.c.o
/usr/bin/cc    -ffunction-sections -fdata-sections -fPIC -march=armv7-a -DCHECK_FUNCTION_EXISTS=itoa   -o CMakeFiles/cmTC_3a95b.dir/CheckFunctionExists.c.o   -c /usr/share/cmake-3.7/Modules/CheckFunctionExists.c
Linking C executable cmTC_3a95b
/usr/bin/cmake -E cmake_link_script CMakeFiles/cmTC_3a95b.dir/link.txt --verbose=1
/usr/bin/cc   -ffunction-sections -fdata-sections -fPIC -march=armv7-a -DCHECK_FUNCTION_EXISTS=itoa    CMakeFiles/cmTC_3a95b.dir/CheckFunctionExists.c.o  -o cmTC_3a95b -rdynamic 
CMakeFiles/cmTC_3a95b.dir/CheckFunctionExists.c.o: In function `main':
CheckFunctionExists.c:(.text.main+0x14): undefined reference to `itoa'
collect2: error: ld returned 1 exit status
CMakeFiles/cmTC_3a95b.dir/build.make:97: recipe for target 'cmTC_3a95b' failed
make[1]: *** [cmTC_3a95b] Error 1
make[1]: Leaving directory '/home/pi/Veilige_soft_test/test_project/test_project/target/debug/build/sdl2-sys-2747283d7028307e/out/build/CMakeFiles/CMakeTmp'
Makefile:126: recipe for target 'cmTC_3a95b/fast' failed
make: *** [cmTC_3a95b/fast] Error 2


Determining if the function _ltoa exists failed with the following output:
Change Dir: /home/pi/Veilige_soft_test/test_project/test_project/target/debug/build/sdl2-sys-2747283d7028307e/out/build/CMakeFiles/CMakeTmp

Run Build Command:"/usr/bin/make" "cmTC_6d15b/fast"
/usr/bin/make -f CMakeFiles/cmTC_6d15b.dir/build.make CMakeFiles/cmTC_6d15b.dir/build
make[1]: Entering directory '/home/pi/Veilige_soft_test/test_project/test_project/target/debug/build/sdl2-sys-2747283d7028307e/out/build/CMakeFiles/CMakeTmp'
Building C object CMakeFiles/cmTC_6d15b.dir/CheckFunctionExists.c.o
/usr/bin/cc    -ffunction-sections -fdata-sections -fPIC -march=armv7-a -DCHECK_FUNCTION_EXISTS=_ltoa   -o CMakeFiles/cmTC_6d15b.dir/CheckFunctionExists.c.o   -c /usr/share/cmake-3.7/Modules/CheckFunctionExists.c
Linking C executable cmTC_6d15b
/usr/bin/cmake -E cmake_link_script CMakeFiles/cmTC_6d15b.dir/link.txt --verbose=1
/usr/bin/cc   -ffunction-sections -fdata-sections -fPIC -march=armv7-a -DCHECK_FUNCTION_EXISTS=_ltoa    CMakeFiles/cmTC_6d15b.dir/CheckFunctionExists.c.o  -o cmTC_6d15b -rdynamic 
CMakeFiles/cmTC_6d15b.dir/CheckFunctionExists.c.o: In function `main':
CheckFunctionExists.c:(.text.main+0x14): undefined reference to `_ltoa'
collect2: error: ld returned 1 exit status
CMakeFiles/cmTC_6d15b.dir/build.make:97: recipe for target 'cmTC_6d15b' failed
make[1]: *** [cmTC_6d15b] Error 1
make[1]: Leaving directory '/home/pi/Veilige_soft_test/test_project/test_project/target/debug/build/sdl2-sys-2747283d7028307e/out/build/CMakeFiles/CMakeTmp'
Makefile:126: recipe for target 'cmTC_6d15b/fast' failed
make: *** [cmTC_6d15b/fast] Error 2


Determining if the function _uitoa exists failed with the following output:
Change Dir: /home/pi/Veilige_soft_test/test_project/test_project/target/debug/build/sdl2-sys-2747283d7028307e/out/build/CMakeFiles/CMakeTmp

Run Build Command:"/usr/bin/make" "cmTC_6146f/fast"
/usr/bin/make -f CMakeFiles/cmTC_6146f.dir/build.make CMakeFiles/cmTC_6146f.dir/build
make[1]: Entering directory '/home/pi/Veilige_soft_test/test_project/test_project/target/debug/build/sdl2-sys-2747283d7028307e/out/build/CMakeFiles/CMakeTmp'
Building C object CMakeFiles/cmTC_6146f.dir/CheckFunctionExists.c.o
/usr/bin/cc    -ffunction-sections -fdata-sections -fPIC -march=armv7-a -DCHECK_FUNCTION_EXISTS=_uitoa   -o CMakeFiles/cmTC_6146f.dir/CheckFunctionExists.c.o   -c /usr/share/cmake-3.7/Modules/CheckFunctionExists.c
Linking C executable cmTC_6146f
/usr/bin/cmake -E cmake_link_script CMakeFiles/cmTC_6146f.dir/link.txt --verbose=1
/usr/bin/cc   -ffunction-sections -fdata-sections -fPIC -march=armv7-a -DCHECK_FUNCTION_EXISTS=_uitoa    CMakeFiles/cmTC_6146f.dir/CheckFunctionExists.c.o  -o cmTC_6146f -rdynamic 
CMakeFiles/cmTC_6146f.dir/CheckFunctionExists.c.o: In function `main':
CheckFunctionExists.c:(.text.main+0x14): undefined reference to `_uitoa'
collect2: error: ld returned 1 exit status
CMakeFiles/cmTC_6146f.dir/build.make:97: recipe for target 'cmTC_6146f' failed
make[1]: *** [cmTC_6146f] Error 1
make[1]: Leaving directory '/home/pi/Veilige_soft_test/test_project/test_project/target/debug/build/sdl2-sys-2747283d7028307e/out/build/CMakeFiles/CMakeTmp'
Makefile:126: recipe for target 'cmTC_6146f/fast' failed
make: *** [cmTC_6146f/fast] Error 2


Determining if the function _ultoa exists failed with the following output:
Change Dir: /home/pi/Veilige_soft_test/test_project/test_project/target/debug/build/sdl2-sys-2747283d7028307e/out/build/CMakeFiles/CMakeTmp

Run Build Command:"/usr/bin/make" "cmTC_9e23a/fast"
/usr/bin/make -f CMakeFiles/cmTC_9e23a.dir/build.make CMakeFiles/cmTC_9e23a.dir/build
make[1]: Entering directory '/home/pi/Veilige_soft_test/test_project/test_project/target/debug/build/sdl2-sys-2747283d7028307e/out/build/CMakeFiles/CMakeTmp'
Building C object CMakeFiles/cmTC_9e23a.dir/CheckFunctionExists.c.o
/usr/bin/cc    -ffunction-sections -fdata-sections -fPIC -march=armv7-a -DCHECK_FUNCTION_EXISTS=_ultoa   -o CMakeFiles/cmTC_9e23a.dir/CheckFunctionExists.c.o   -c /usr/share/cmake-3.7/Modules/CheckFunctionExists.c
Linking C executable cmTC_9e23a
/usr/bin/cmake -E cmake_link_script CMakeFiles/cmTC_9e23a.dir/link.txt --verbose=1
/usr/bin/cc   -ffunction-sections -fdata-sections -fPIC -march=armv7-a -DCHECK_FUNCTION_EXISTS=_ultoa    CMakeFiles/cmTC_9e23a.dir/CheckFunctionExists.c.o  -o cmTC_9e23a -rdynamic 
CMakeFiles/cmTC_9e23a.dir/CheckFunctionExists.c.o: In function `main':
CheckFunctionExists.c:(.text.main+0x14): undefined reference to `_ultoa'
collect2: error: ld returned 1 exit status
CMakeFiles/cmTC_9e23a.dir/build.make:97: recipe for target 'cmTC_9e23a' failed
make[1]: *** [cmTC_9e23a] Error 1
make[1]: Leaving directory '/home/pi/Veilige_soft_test/test_project/test_project/target/debug/build/sdl2-sys-2747283d7028307e/out/build/CMakeFiles/CMakeTmp'
Makefile:126: recipe for target 'cmTC_9e23a/fast' failed
make: *** [cmTC_9e23a/fast] Error 2


Determining if the function _i64toa exists failed with the following output:
Change Dir: /home/pi/Veilige_soft_test/test_project/test_project/target/debug/build/sdl2-sys-2747283d7028307e/out/build/CMakeFiles/CMakeTmp

Run Build Command:"/usr/bin/make" "cmTC_81427/fast"
/usr/bin/make -f CMakeFiles/cmTC_81427.dir/build.make CMakeFiles/cmTC_81427.dir/build
make[1]: Entering directory '/home/pi/Veilige_soft_test/test_project/test_project/target/debug/build/sdl2-sys-2747283d7028307e/out/build/CMakeFiles/CMakeTmp'
Building C object CMakeFiles/cmTC_81427.dir/CheckFunctionExists.c.o
/usr/bin/cc    -ffunction-sections -fdata-sections -fPIC -march=armv7-a -DCHECK_FUNCTION_EXISTS=_i64toa   -o CMakeFiles/cmTC_81427.dir/CheckFunctionExists.c.o   -c /usr/share/cmake-3.7/Modules/CheckFunctionExists.c
Linking C executable cmTC_81427
/usr/bin/cmake -E cmake_link_script CMakeFiles/cmTC_81427.dir/link.txt --verbose=1
/usr/bin/cc   -ffunction-sections -fdata-sections -fPIC -march=armv7-a -DCHECK_FUNCTION_EXISTS=_i64toa    CMakeFiles/cmTC_81427.dir/CheckFunctionExists.c.o  -o cmTC_81427 -rdynamic 
CMakeFiles/cmTC_81427.dir/CheckFunctionExists.c.o: In function `main':
CheckFunctionExists.c:(.text.main+0x14): undefined reference to `_i64toa'
collect2: error: ld returned 1 exit status
CMakeFiles/cmTC_81427.dir/build.make:97: recipe for target 'cmTC_81427' failed
make[1]: *** [cmTC_81427] Error 1
make[1]: Leaving directory '/home/pi/Veilige_soft_test/test_project/test_project/target/debug/build/sdl2-sys-2747283d7028307e/out/build/CMakeFiles/CMakeTmp'
Makefile:126: recipe for target 'cmTC_81427/fast' failed
make: *** [cmTC_81427/fast] Error 2


Determining if the function _ui64toa exists failed with the following output:
Change Dir: /home/pi/Veilige_soft_test/test_project/test_project/target/debug/build/sdl2-sys-2747283d7028307e/out/build/CMakeFiles/CMakeTmp

Run Build Command:"/usr/bin/make" "cmTC_d3ba1/fast"
/usr/bin/make -f CMakeFiles/cmTC_d3ba1.dir/build.make CMakeFiles/cmTC_d3ba1.dir/build
make[1]: Entering directory '/home/pi/Veilige_soft_test/test_project/test_project/target/debug/build/sdl2-sys-2747283d7028307e/out/build/CMakeFiles/CMakeTmp'
Building C object CMakeFiles/cmTC_d3ba1.dir/CheckFunctionExists.c.o
/usr/bin/cc    -ffunction-sections -fdata-sections -fPIC -march=armv7-a -DCHECK_FUNCTION_EXISTS=_ui64toa   -o CMakeFiles/cmTC_d3ba1.dir/CheckFunctionExists.c.o   -c /usr/share/cmake-3.7/Modules/CheckFunctionExists.c
Linking C executable cmTC_d3ba1
/usr/bin/cmake -E cmake_link_script CMakeFiles/cmTC_d3ba1.dir/link.txt --verbose=1
/usr/bin/cc   -ffunction-sections -fdata-sections -fPIC -march=armv7-a -DCHECK_FUNCTION_EXISTS=_ui64toa    CMakeFiles/cmTC_d3ba1.dir/CheckFunctionExists.c.o  -o cmTC_d3ba1 -rdynamic 
CMakeFiles/cmTC_d3ba1.dir/CheckFunctionExists.c.o: In function `main':
CheckFunctionExists.c:(.text.main+0x14): undefined reference to `_ui64toa'
collect2: error: ld returned 1 exit status
CMakeFiles/cmTC_d3ba1.dir/build.make:97: recipe for target 'cmTC_d3ba1' failed
make[1]: *** [cmTC_d3ba1] Error 1
make[1]: Leaving directory '/home/pi/Veilige_soft_test/test_project/test_project/target/debug/build/sdl2-sys-2747283d7028307e/out/build/CMakeFiles/CMakeTmp'
Makefile:126: recipe for target 'cmTC_d3ba1/fast' failed
make: *** [cmTC_d3ba1/fast] Error 2


Determining if the function _stricmp exists failed with the following output:
Change Dir: /home/pi/Veilige_soft_test/test_project/test_project/target/debug/build/sdl2-sys-2747283d7028307e/out/build/CMakeFiles/CMakeTmp

Run Build Command:"/usr/bin/make" "cmTC_9acc8/fast"
/usr/bin/make -f CMakeFiles/cmTC_9acc8.dir/build.make CMakeFiles/cmTC_9acc8.dir/build
make[1]: Entering directory '/home/pi/Veilige_soft_test/test_project/test_project/target/debug/build/sdl2-sys-2747283d7028307e/out/build/CMakeFiles/CMakeTmp'
Building C object CMakeFiles/cmTC_9acc8.dir/CheckFunctionExists.c.o
/usr/bin/cc    -ffunction-sections -fdata-sections -fPIC -march=armv7-a -DCHECK_FUNCTION_EXISTS=_stricmp   -o CMakeFiles/cmTC_9acc8.dir/CheckFunctionExists.c.o   -c /usr/share/cmake-3.7/Modules/CheckFunctionExists.c
Linking C executable cmTC_9acc8
/usr/bin/cmake -E cmake_link_script CMakeFiles/cmTC_9acc8.dir/link.txt --verbose=1
/usr/bin/cc   -ffunction-sections -fdata-sections -fPIC -march=armv7-a -DCHECK_FUNCTION_EXISTS=_stricmp    CMakeFiles/cmTC_9acc8.dir/CheckFunctionExists.c.o  -o cmTC_9acc8 -rdynamic 
CMakeFiles/cmTC_9acc8.dir/CheckFunctionExists.c.o: In function `main':
CheckFunctionExists.c:(.text.main+0x14): undefined reference to `_stricmp'
collect2: error: ld returned 1 exit status
CMakeFiles/cmTC_9acc8.dir/build.make:97: recipe for target 'cmTC_9acc8' failed
make[1]: *** [cmTC_9acc8] Error 1
make[1]: Leaving directory '/home/pi/Veilige_soft_test/test_project/test_project/target/debug/build/sdl2-sys-2747283d7028307e/out/build/CMakeFiles/CMakeTmp'
Makefile:126: recipe for target 'cmTC_9acc8/fast' failed
make: *** [cmTC_9acc8/fast] Error 2


Determining if the function _strnicmp exists failed with the following output:
Change Dir: /home/pi/Veilige_soft_test/test_project/test_project/target/debug/build/sdl2-sys-2747283d7028307e/out/build/CMakeFiles/CMakeTmp

Run Build Command:"/usr/bin/make" "cmTC_ea20b/fast"
/usr/bin/make -f CMakeFiles/cmTC_ea20b.dir/build.make CMakeFiles/cmTC_ea20b.dir/build
make[1]: Entering directory '/home/pi/Veilige_soft_test/test_project/test_project/target/debug/build/sdl2-sys-2747283d7028307e/out/build/CMakeFiles/CMakeTmp'
Building C object CMakeFiles/cmTC_ea20b.dir/CheckFunctionExists.c.o
/usr/bin/cc    -ffunction-sections -fdata-sections -fPIC -march=armv7-a -DCHECK_FUNCTION_EXISTS=_strnicmp   -o CMakeFiles/cmTC_ea20b.dir/CheckFunctionExists.c.o   -c /usr/share/cmake-3.7/Modules/CheckFunctionExists.c
Linking C executable cmTC_ea20b
/usr/bin/cmake -E cmake_link_script CMakeFiles/cmTC_ea20b.dir/link.txt --verbose=1
/usr/bin/cc   -ffunction-sections -fdata-sections -fPIC -march=armv7-a -DCHECK_FUNCTION_EXISTS=_strnicmp    CMakeFiles/cmTC_ea20b.dir/CheckFunctionExists.c.o  -o cmTC_ea20b -rdynamic 
CMakeFiles/cmTC_ea20b.dir/CheckFunctionExists.c.o: In function `main':
CheckFunctionExists.c:(.text.main+0x14): undefined reference to `_strnicmp'
collect2: error: ld returned 1 exit status
CMakeFiles/cmTC_ea20b.dir/build.make:97: recipe for target 'cmTC_ea20b' failed
make[1]: *** [cmTC_ea20b] Error 1
make[1]: Leaving directory '/home/pi/Veilige_soft_test/test_project/test_project/target/debug/build/sdl2-sys-2747283d7028307e/out/build/CMakeFiles/CMakeTmp'
Makefile:126: recipe for target 'cmTC_ea20b/fast' failed
make: *** [cmTC_ea20b/fast] Error 2


Determining if the function sysctlbyname exists failed with the following output:
Change Dir: /home/pi/Veilige_soft_test/test_project/test_project/target/debug/build/sdl2-sys-2747283d7028307e/out/build/CMakeFiles/CMakeTmp

Run Build Command:"/usr/bin/make" "cmTC_04ec7/fast"
/usr/bin/make -f CMakeFiles/cmTC_04ec7.dir/build.make CMakeFiles/cmTC_04ec7.dir/build
make[1]: Entering directory '/home/pi/Veilige_soft_test/test_project/test_project/target/debug/build/sdl2-sys-2747283d7028307e/out/build/CMakeFiles/CMakeTmp'
Building C object CMakeFiles/cmTC_04ec7.dir/CheckFunctionExists.c.o
/usr/bin/cc    -ffunction-sections -fdata-sections -fPIC -march=armv7-a -DCHECK_FUNCTION_EXISTS=sysctlbyname   -o CMakeFiles/cmTC_04ec7.dir/CheckFunctionExists.c.o   -c /usr/share/cmake-3.7/Modules/CheckFunctionExists.c
Linking C executable cmTC_04ec7
/usr/bin/cmake -E cmake_link_script CMakeFiles/cmTC_04ec7.dir/link.txt --verbose=1
/usr/bin/cc   -ffunction-sections -fdata-sections -fPIC -march=armv7-a -DCHECK_FUNCTION_EXISTS=sysctlbyname    CMakeFiles/cmTC_04ec7.dir/CheckFunctionExists.c.o  -o cmTC_04ec7 -rdynamic 
CMakeFiles/cmTC_04ec7.dir/CheckFunctionExists.c.o: In function `main':
CheckFunctionExists.c:(.text.main+0x14): undefined reference to `sysctlbyname'
collect2: error: ld returned 1 exit status
CMakeFiles/cmTC_04ec7.dir/build.make:97: recipe for target 'cmTC_04ec7' failed
make[1]: *** [cmTC_04ec7] Error 1
make[1]: Leaving directory '/home/pi/Veilige_soft_test/test_project/test_project/target/debug/build/sdl2-sys-2747283d7028307e/out/build/CMakeFiles/CMakeTmp'
Makefile:126: recipe for target 'cmTC_04ec7/fast' failed
make: *** [cmTC_04ec7/fast] Error 2


Determining if the function iconv_open exists in the iconv failed with the following output:
Change Dir: /home/pi/Veilige_soft_test/test_project/test_project/target/debug/build/sdl2-sys-2747283d7028307e/out/build/CMakeFiles/CMakeTmp

Run Build Command:"/usr/bin/make" "cmTC_fa538/fast"
/usr/bin/make -f CMakeFiles/cmTC_fa538.dir/build.make CMakeFiles/cmTC_fa538.dir/build
make[1]: Entering directory '/home/pi/Veilige_soft_test/test_project/test_project/target/debug/build/sdl2-sys-2747283d7028307e/out/build/CMakeFiles/CMakeTmp'
Building C object CMakeFiles/cmTC_fa538.dir/CheckFunctionExists.c.o
/usr/bin/cc    -ffunction-sections -fdata-sections -fPIC -march=armv7-a -DCHECK_FUNCTION_EXISTS=iconv_open   -o CMakeFiles/cmTC_fa538.dir/CheckFunctionExists.c.o   -c /usr/share/cmake-3.7/Modules/CheckFunctionExists.c
Linking C executable cmTC_fa538
/usr/bin/cmake -E cmake_link_script CMakeFiles/cmTC_fa538.dir/link.txt --verbose=1
/usr/bin/cc   -ffunction-sections -fdata-sections -fPIC -march=armv7-a -DCHECK_FUNCTION_EXISTS=iconv_open    CMakeFiles/cmTC_fa538.dir/CheckFunctionExists.c.o  -o cmTC_fa538 -rdynamic -liconv 
/usr/bin/ld: cannot find -liconv
collect2: error: ld returned 1 exit status
CMakeFiles/cmTC_fa538.dir/build.make:97: recipe for target 'cmTC_fa538' failed
make[1]: *** [cmTC_fa538] Error 1
make[1]: Leaving directory '/home/pi/Veilige_soft_test/test_project/test_project/target/debug/build/sdl2-sys-2747283d7028307e/out/build/CMakeFiles/CMakeTmp'
Makefile:126: recipe for target 'cmTC_fa538/fast' failed
make: *** [cmTC_fa538/fast] Error 2


Determining if the function alloca exists failed with the following output:
Change Dir: /home/pi/Veilige_soft_test/test_project/test_project/target/debug/build/sdl2-sys-2747283d7028307e/out/build/CMakeFiles/CMakeTmp

Run Build Command:"/usr/bin/make" "cmTC_3ab2e/fast"
/usr/bin/make -f CMakeFiles/cmTC_3ab2e.dir/build.make CMakeFiles/cmTC_3ab2e.dir/build
make[1]: Entering directory '/home/pi/Veilige_soft_test/test_project/test_project/target/debug/build/sdl2-sys-2747283d7028307e/out/build/CMakeFiles/CMakeTmp'
Building C object CMakeFiles/cmTC_3ab2e.dir/CheckFunctionExists.c.o
/usr/bin/cc    -ffunction-sections -fdata-sections -fPIC -march=armv7-a -DCHECK_FUNCTION_EXISTS=alloca   -o CMakeFiles/cmTC_3ab2e.dir/CheckFunctionExists.c.o   -c /usr/share/cmake-3.7/Modules/CheckFunctionExists.c
<command-line>:0:23: warning: conflicting types for built-in function ‘alloca’
/usr/share/cmake-3.7/Modules/CheckFunctionExists.c:7:3: note: in expansion of macro ‘CHECK_FUNCTION_EXISTS’
   CHECK_FUNCTION_EXISTS();
   ^~~~~~~~~~~~~~~~~~~~~
Linking C executable cmTC_3ab2e
/usr/bin/cmake -E cmake_link_script CMakeFiles/cmTC_3ab2e.dir/link.txt --verbose=1
/usr/bin/cc   -ffunction-sections -fdata-sections -fPIC -march=armv7-a -DCHECK_FUNCTION_EXISTS=alloca    CMakeFiles/cmTC_3ab2e.dir/CheckFunctionExists.c.o  -o cmTC_3ab2e -rdynamic 
CMakeFiles/cmTC_3ab2e.dir/CheckFunctionExists.c.o: In function `main':
CheckFunctionExists.c:(.text.main+0x14): undefined reference to `alloca'
collect2: error: ld returned 1 exit status
CMakeFiles/cmTC_3ab2e.dir/build.make:97: recipe for target 'cmTC_3ab2e' failed
make[1]: *** [cmTC_3ab2e] Error 1
make[1]: Leaving directory '/home/pi/Veilige_soft_test/test_project/test_project/target/debug/build/sdl2-sys-2747283d7028307e/out/build/CMakeFiles/CMakeTmp'
Makefile:126: recipe for target 'cmTC_3ab2e/fast' failed
make: *** [cmTC_3ab2e/fast] Error 2


Determining if the function dlopen exists failed with the following output:
Change Dir: /home/pi/Veilige_soft_test/test_project/test_project/target/debug/build/sdl2-sys-2747283d7028307e/out/build/CMakeFiles/CMakeTmp

Run Build Command:"/usr/bin/make" "cmTC_29512/fast"
/usr/bin/make -f CMakeFiles/cmTC_29512.dir/build.make CMakeFiles/cmTC_29512.dir/build
make[1]: Entering directory '/home/pi/Veilige_soft_test/test_project/test_project/target/debug/build/sdl2-sys-2747283d7028307e/out/build/CMakeFiles/CMakeTmp'
Building C object CMakeFiles/cmTC_29512.dir/CheckFunctionExists.c.o
/usr/bin/cc    -ffunction-sections -fdata-sections -fPIC -march=armv7-a -DCHECK_FUNCTION_EXISTS=dlopen   -o CMakeFiles/cmTC_29512.dir/CheckFunctionExists.c.o   -c /usr/share/cmake-3.7/Modules/CheckFunctionExists.c
Linking C executable cmTC_29512
/usr/bin/cmake -E cmake_link_script CMakeFiles/cmTC_29512.dir/link.txt --verbose=1
/usr/bin/cc   -ffunction-sections -fdata-sections -fPIC -march=armv7-a -DCHECK_FUNCTION_EXISTS=dlopen    CMakeFiles/cmTC_29512.dir/CheckFunctionExists.c.o  -o cmTC_29512 -rdynamic 
CMakeFiles/cmTC_29512.dir/CheckFunctionExists.c.o: In function `main':
CheckFunctionExists.c:(.text.main+0x14): undefined reference to `dlopen'
collect2: error: ld returned 1 exit status
CMakeFiles/cmTC_29512.dir/build.make:97: recipe for target 'cmTC_29512' failed
make[1]: *** [cmTC_29512] Error 1
make[1]: Leaving directory '/home/pi/Veilige_soft_test/test_project/test_project/target/debug/build/sdl2-sys-2747283d7028307e/out/build/CMakeFiles/CMakeTmp'
Makefile:126: recipe for target 'cmTC_29512/fast' failed
make: *** [cmTC_29512/fast] Error 2


Determining if the include file alsa/asoundlib.h exists failed with the following output:
Change Dir: /home/pi/Veilige_soft_test/test_project/test_project/target/debug/build/sdl2-sys-2747283d7028307e/out/build/CMakeFiles/CMakeTmp

Run Build Command:"/usr/bin/make" "cmTC_8aa4c/fast"
/usr/bin/make -f CMakeFiles/cmTC_8aa4c.dir/build.make CMakeFiles/cmTC_8aa4c.dir/build
make[1]: Entering directory '/home/pi/Veilige_soft_test/test_project/test_project/target/debug/build/sdl2-sys-2747283d7028307e/out/build/CMakeFiles/CMakeTmp'
Building C object CMakeFiles/cmTC_8aa4c.dir/CheckIncludeFile.c.o
/usr/bin/cc    -ffunction-sections -fdata-sections -fPIC -march=armv7-a    -o CMakeFiles/cmTC_8aa4c.dir/CheckIncludeFile.c.o   -c /home/pi/Veilige_soft_test/test_project/test_project/target/debug/build/sdl2-sys-2747283d7028307e/out/build/CMakeFiles/CMakeTmp/CheckIncludeFile.c
/home/pi/Veilige_soft_test/test_project/test_project/target/debug/build/sdl2-sys-2747283d7028307e/out/build/CMakeFiles/CMakeTmp/CheckIncludeFile.c:1:28: fatal error: alsa/asoundlib.h: No such file or directory
 #include <alsa/asoundlib.h>
                            ^
compilation terminated.
CMakeFiles/cmTC_8aa4c.dir/build.make:65: recipe for target 'CMakeFiles/cmTC_8aa4c.dir/CheckIncludeFile.c.o' failed
make[1]: *** [CMakeFiles/cmTC_8aa4c.dir/CheckIncludeFile.c.o] Error 1
make[1]: Leaving directory '/home/pi/Veilige_soft_test/test_project/test_project/target/debug/build/sdl2-sys-2747283d7028307e/out/build/CMakeFiles/CMakeTmp'
Makefile:126: recipe for target 'cmTC_8aa4c/fast' failed
make: *** [cmTC_8aa4c/fast] Error 2


Determining if the include file audio/audiolib.h exists failed with the following output:
Change Dir: /home/pi/Veilige_soft_test/test_project/test_project/target/debug/build/sdl2-sys-2747283d7028307e/out/build/CMakeFiles/CMakeTmp

Run Build Command:"/usr/bin/make" "cmTC_59e2e/fast"
/usr/bin/make -f CMakeFiles/cmTC_59e2e.dir/build.make CMakeFiles/cmTC_59e2e.dir/build
make[1]: Entering directory '/home/pi/Veilige_soft_test/test_project/test_project/target/debug/build/sdl2-sys-2747283d7028307e/out/build/CMakeFiles/CMakeTmp'
Building C object CMakeFiles/cmTC_59e2e.dir/CheckIncludeFile.c.o
/usr/bin/cc    -ffunction-sections -fdata-sections -fPIC -march=armv7-a    -o CMakeFiles/cmTC_59e2e.dir/CheckIncludeFile.c.o   -c /home/pi/Veilige_soft_test/test_project/test_project/target/debug/build/sdl2-sys-2747283d7028307e/out/build/CMakeFiles/CMakeTmp/CheckIncludeFile.c
/home/pi/Veilige_soft_test/test_project/test_project/target/debug/build/sdl2-sys-2747283d7028307e/out/build/CMakeFiles/CMakeTmp/CheckIncludeFile.c:1:28: fatal error: audio/audiolib.h: No such file or directory
 #include <audio/audiolib.h>
                            ^
compilation terminated.
CMakeFiles/cmTC_59e2e.dir/build.make:65: recipe for target 'CMakeFiles/cmTC_59e2e.dir/CheckIncludeFile.c.o' failed
make[1]: *** [CMakeFiles/cmTC_59e2e.dir/CheckIncludeFile.c.o] Error 1
make[1]: Leaving directory '/home/pi/Veilige_soft_test/test_project/test_project/target/debug/build/sdl2-sys-2747283d7028307e/out/build/CMakeFiles/CMakeTmp'
Makefile:126: recipe for target 'cmTC_59e2e/fast' failed
make: *** [cmTC_59e2e/fast] Error 2


Determining if the include file sndio.h exists failed with the following output:
Change Dir: /home/pi/Veilige_soft_test/test_project/test_project/target/debug/build/sdl2-sys-2747283d7028307e/out/build/CMakeFiles/CMakeTmp

Run Build Command:"/usr/bin/make" "cmTC_71e37/fast"
/usr/bin/make -f CMakeFiles/cmTC_71e37.dir/build.make CMakeFiles/cmTC_71e37.dir/build
make[1]: Entering directory '/home/pi/Veilige_soft_test/test_project/test_project/target/debug/build/sdl2-sys-2747283d7028307e/out/build/CMakeFiles/CMakeTmp'
Building C object CMakeFiles/cmTC_71e37.dir/CheckIncludeFile.c.o
/usr/bin/cc    -ffunction-sections -fdata-sections -fPIC -march=armv7-a    -o CMakeFiles/cmTC_71e37.dir/CheckIncludeFile.c.o   -c /home/pi/Veilige_soft_test/test_project/test_project/target/debug/build/sdl2-sys-2747283d7028307e/out/build/CMakeFiles/CMakeTmp/CheckIncludeFile.c
/home/pi/Veilige_soft_test/test_project/test_project/target/debug/build/sdl2-sys-2747283d7028307e/out/build/CMakeFiles/CMakeTmp/CheckIncludeFile.c:1:19: fatal error: sndio.h: No such file or directory
 #include <sndio.h>
                   ^
compilation terminated.
CMakeFiles/cmTC_71e37.dir/build.make:65: recipe for target 'CMakeFiles/cmTC_71e37.dir/CheckIncludeFile.c.o' failed
make[1]: *** [CMakeFiles/cmTC_71e37.dir/CheckIncludeFile.c.o] Error 1
make[1]: Leaving directory '/home/pi/Veilige_soft_test/test_project/test_project/target/debug/build/sdl2-sys-2747283d7028307e/out/build/CMakeFiles/CMakeTmp'
Makefile:126: recipe for target 'cmTC_71e37/fast' failed
make: *** [cmTC_71e37/fast] Error 2


Determining if the include file X11/Xcursor/Xcursor.h exists failed with the following output:
Change Dir: /home/pi/Veilige_soft_test/test_project/test_project/target/debug/build/sdl2-sys-2747283d7028307e/out/build/CMakeFiles/CMakeTmp

Run Build Command:"/usr/bin/make" "cmTC_37b08/fast"
/usr/bin/make -f CMakeFiles/cmTC_37b08.dir/build.make CMakeFiles/cmTC_37b08.dir/build
make[1]: Entering directory '/home/pi/Veilige_soft_test/test_project/test_project/target/debug/build/sdl2-sys-2747283d7028307e/out/build/CMakeFiles/CMakeTmp'
Building C object CMakeFiles/cmTC_37b08.dir/CheckIncludeFile.c.o
/usr/bin/cc    -ffunction-sections -fdata-sections -fPIC -march=armv7-a -I/opt/vc/include/interface/vmcs_host/linux/ -I/opt/vc/include/interface/vcos/pthreads -I/opt/vc/include  -L/opt/vc/lib     -o CMakeFiles/cmTC_37b08.dir/CheckIncludeFile.c.o   -c /home/pi/Veilige_soft_test/test_project/test_project/target/debug/build/sdl2-sys-2747283d7028307e/out/build/CMakeFiles/CMakeTmp/CheckIncludeFile.c
/home/pi/Veilige_soft_test/test_project/test_project/target/debug/build/sdl2-sys-2747283d7028307e/out/build/CMakeFiles/CMakeTmp/CheckIncludeFile.c:1:33: fatal error: X11/Xcursor/Xcursor.h: No such file or directory
 #include <X11/Xcursor/Xcursor.h>
                                 ^
compilation terminated.
CMakeFiles/cmTC_37b08.dir/build.make:65: recipe for target 'CMakeFiles/cmTC_37b08.dir/CheckIncludeFile.c.o' failed
make[1]: *** [CMakeFiles/cmTC_37b08.dir/CheckIncludeFile.c.o] Error 1
make[1]: Leaving directory '/home/pi/Veilige_soft_test/test_project/test_project/target/debug/build/sdl2-sys-2747283d7028307e/out/build/CMakeFiles/CMakeTmp'
Makefile:126: recipe for target 'cmTC_37b08/fast' failed
make: *** [cmTC_37b08/fast] Error 2


Determining if the include file X11/extensions/Xinerama.h exists failed with the following output:
Change Dir: /home/pi/Veilige_soft_test/test_project/test_project/target/debug/build/sdl2-sys-2747283d7028307e/out/build/CMakeFiles/CMakeTmp

Run Build Command:"/usr/bin/make" "cmTC_ff260/fast"
/usr/bin/make -f CMakeFiles/cmTC_ff260.dir/build.make CMakeFiles/cmTC_ff260.dir/build
make[1]: Entering directory '/home/pi/Veilige_soft_test/test_project/test_project/target/debug/build/sdl2-sys-2747283d7028307e/out/build/CMakeFiles/CMakeTmp'
Building C object CMakeFiles/cmTC_ff260.dir/CheckIncludeFile.c.o
/usr/bin/cc    -ffunction-sections -fdata-sections -fPIC -march=armv7-a -I/opt/vc/include/interface/vmcs_host/linux/ -I/opt/vc/include/interface/vcos/pthreads -I/opt/vc/include  -L/opt/vc/lib     -o CMakeFiles/cmTC_ff260.dir/CheckIncludeFile.c.o   -c /home/pi/Veilige_soft_test/test_project/test_project/target/debug/build/sdl2-sys-2747283d7028307e/out/build/CMakeFiles/CMakeTmp/CheckIncludeFile.c
/home/pi/Veilige_soft_test/test_project/test_project/target/debug/build/sdl2-sys-2747283d7028307e/out/build/CMakeFiles/CMakeTmp/CheckIncludeFile.c:1:37: fatal error: X11/extensions/Xinerama.h: No such file or directory
 #include <X11/extensions/Xinerama.h>
                                     ^
compilation terminated.
CMakeFiles/cmTC_ff260.dir/build.make:65: recipe for target 'CMakeFiles/cmTC_ff260.dir/CheckIncludeFile.c.o' failed
make[1]: *** [CMakeFiles/cmTC_ff260.dir/CheckIncludeFile.c.o] Error 1
make[1]: Leaving directory '/home/pi/Veilige_soft_test/test_project/test_project/target/debug/build/sdl2-sys-2747283d7028307e/out/build/CMakeFiles/CMakeTmp'
Makefile:126: recipe for target 'cmTC_ff260/fast' failed
make: *** [cmTC_ff260/fast] Error 2


Determining if the include file X11/extensions/XInput2.h exists failed with the following output:
Change Dir: /home/pi/Veilige_soft_test/test_project/test_project/target/debug/build/sdl2-sys-2747283d7028307e/out/build/CMakeFiles/CMakeTmp

Run Build Command:"/usr/bin/make" "cmTC_59ccb/fast"
/usr/bin/make -f CMakeFiles/cmTC_59ccb.dir/build.make CMakeFiles/cmTC_59ccb.dir/build
make[1]: Entering directory '/home/pi/Veilige_soft_test/test_project/test_project/target/debug/build/sdl2-sys-2747283d7028307e/out/build/CMakeFiles/CMakeTmp'
Building C object CMakeFiles/cmTC_59ccb.dir/CheckIncludeFile.c.o
/usr/bin/cc    -ffunction-sections -fdata-sections -fPIC -march=armv7-a -I/opt/vc/include/interface/vmcs_host/linux/ -I/opt/vc/include/interface/vcos/pthreads -I/opt/vc/include  -L/opt/vc/lib     -o CMakeFiles/cmTC_59ccb.dir/CheckIncludeFile.c.o   -c /home/pi/Veilige_soft_test/test_project/test_project/target/debug/build/sdl2-sys-2747283d7028307e/out/build/CMakeFiles/CMakeTmp/CheckIncludeFile.c
/home/pi/Veilige_soft_test/test_project/test_project/target/debug/build/sdl2-sys-2747283d7028307e/out/build/CMakeFiles/CMakeTmp/CheckIncludeFile.c:1:36: fatal error: X11/extensions/XInput2.h: No such file or directory
 #include <X11/extensions/XInput2.h>
                                    ^
compilation terminated.
CMakeFiles/cmTC_59ccb.dir/build.make:65: recipe for target 'CMakeFiles/cmTC_59ccb.dir/CheckIncludeFile.c.o' failed
make[1]: *** [CMakeFiles/cmTC_59ccb.dir/CheckIncludeFile.c.o] Error 1
make[1]: Leaving directory '/home/pi/Veilige_soft_test/test_project/test_project/target/debug/build/sdl2-sys-2747283d7028307e/out/build/CMakeFiles/CMakeTmp'
Makefile:126: recipe for target 'cmTC_59ccb/fast' failed
make: *** [cmTC_59ccb/fast] Error 2


Determining if the include file X11/extensions/Xrandr.h exists failed with the following output:
Change Dir: /home/pi/Veilige_soft_test/test_project/test_project/target/debug/build/sdl2-sys-2747283d7028307e/out/build/CMakeFiles/CMakeTmp

Run Build Command:"/usr/bin/make" "cmTC_034fb/fast"
/usr/bin/make -f CMakeFiles/cmTC_034fb.dir/build.make CMakeFiles/cmTC_034fb.dir/build
make[1]: Entering directory '/home/pi/Veilige_soft_test/test_project/test_project/target/debug/build/sdl2-sys-2747283d7028307e/out/build/CMakeFiles/CMakeTmp'
Building C object CMakeFiles/cmTC_034fb.dir/CheckIncludeFile.c.o
/usr/bin/cc    -ffunction-sections -fdata-sections -fPIC -march=armv7-a -I/opt/vc/include/interface/vmcs_host/linux/ -I/opt/vc/include/interface/vcos/pthreads -I/opt/vc/include  -L/opt/vc/lib     -o CMakeFiles/cmTC_034fb.dir/CheckIncludeFile.c.o   -c /home/pi/Veilige_soft_test/test_project/test_project/target/debug/build/sdl2-sys-2747283d7028307e/out/build/CMakeFiles/CMakeTmp/CheckIncludeFile.c
/home/pi/Veilige_soft_test/test_project/test_project/target/debug/build/sdl2-sys-2747283d7028307e/out/build/CMakeFiles/CMakeTmp/CheckIncludeFile.c:1:35: fatal error: X11/extensions/Xrandr.h: No such file or directory
 #include <X11/extensions/Xrandr.h>
                                   ^
compilation terminated.
CMakeFiles/cmTC_034fb.dir/build.make:65: recipe for target 'CMakeFiles/cmTC_034fb.dir/CheckIncludeFile.c.o' failed
make[1]: *** [CMakeFiles/cmTC_034fb.dir/CheckIncludeFile.c.o] Error 1
make[1]: Leaving directory '/home/pi/Veilige_soft_test/test_project/test_project/target/debug/build/sdl2-sys-2747283d7028307e/out/build/CMakeFiles/CMakeTmp'
Makefile:126: recipe for target 'cmTC_034fb/fast' failed
make: *** [cmTC_034fb/fast] Error 2


Determining if the include file X11/extensions/Xrender.h exists failed with the following output:
Change Dir: /home/pi/Veilige_soft_test/test_project/test_project/target/debug/build/sdl2-sys-2747283d7028307e/out/build/CMakeFiles/CMakeTmp

Run Build Command:"/usr/bin/make" "cmTC_40850/fast"
/usr/bin/make -f CMakeFiles/cmTC_40850.dir/build.make CMakeFiles/cmTC_40850.dir/build
make[1]: Entering directory '/home/pi/Veilige_soft_test/test_project/test_project/target/debug/build/sdl2-sys-2747283d7028307e/out/build/CMakeFiles/CMakeTmp'
Building C object CMakeFiles/cmTC_40850.dir/CheckIncludeFile.c.o
/usr/bin/cc    -ffunction-sections -fdata-sections -fPIC -march=armv7-a -I/opt/vc/include/interface/vmcs_host/linux/ -I/opt/vc/include/interface/vcos/pthreads -I/opt/vc/include  -L/opt/vc/lib     -o CMakeFiles/cmTC_40850.dir/CheckIncludeFile.c.o   -c /home/pi/Veilige_soft_test/test_project/test_project/target/debug/build/sdl2-sys-2747283d7028307e/out/build/CMakeFiles/CMakeTmp/CheckIncludeFile.c
/home/pi/Veilige_soft_test/test_project/test_project/target/debug/build/sdl2-sys-2747283d7028307e/out/build/CMakeFiles/CMakeTmp/CheckIncludeFile.c:1:36: fatal error: X11/extensions/Xrender.h: No such file or directory
 #include <X11/extensions/Xrender.h>
                                    ^
compilation terminated.
CMakeFiles/cmTC_40850.dir/build.make:65: recipe for target 'CMakeFiles/cmTC_40850.dir/CheckIncludeFile.c.o' failed
make[1]: *** [CMakeFiles/cmTC_40850.dir/CheckIncludeFile.c.o] Error 1
make[1]: Leaving directory '/home/pi/Veilige_soft_test/test_project/test_project/target/debug/build/sdl2-sys-2747283d7028307e/out/build/CMakeFiles/CMakeTmp'
Makefile:126: recipe for target 'cmTC_40850/fast' failed
make: *** [cmTC_40850/fast] Error 2


Determining if the include file X11/extensions/scrnsaver.h exists failed with the following output:
Change Dir: /home/pi/Veilige_soft_test/test_project/test_project/target/debug/build/sdl2-sys-2747283d7028307e/out/build/CMakeFiles/CMakeTmp

Run Build Command:"/usr/bin/make" "cmTC_62056/fast"
/usr/bin/make -f CMakeFiles/cmTC_62056.dir/build.make CMakeFiles/cmTC_62056.dir/build
make[1]: Entering directory '/home/pi/Veilige_soft_test/test_project/test_project/target/debug/build/sdl2-sys-2747283d7028307e/out/build/CMakeFiles/CMakeTmp'
Building C object CMakeFiles/cmTC_62056.dir/CheckIncludeFile.c.o
/usr/bin/cc    -ffunction-sections -fdata-sections -fPIC -march=armv7-a -I/opt/vc/include/interface/vmcs_host/linux/ -I/opt/vc/include/interface/vcos/pthreads -I/opt/vc/include  -L/opt/vc/lib     -o CMakeFiles/cmTC_62056.dir/CheckIncludeFile.c.o   -c /home/pi/Veilige_soft_test/test_project/test_project/target/debug/build/sdl2-sys-2747283d7028307e/out/build/CMakeFiles/CMakeTmp/CheckIncludeFile.c
/home/pi/Veilige_soft_test/test_project/test_project/target/debug/build/sdl2-sys-2747283d7028307e/out/build/CMakeFiles/CMakeTmp/CheckIncludeFile.c:1:38: fatal error: X11/extensions/scrnsaver.h: No such file or directory
 #include <X11/extensions/scrnsaver.h>
                                      ^
compilation terminated.
CMakeFiles/cmTC_62056.dir/build.make:65: recipe for target 'CMakeFiles/cmTC_62056.dir/CheckIncludeFile.c.o' failed
make[1]: *** [CMakeFiles/cmTC_62056.dir/CheckIncludeFile.c.o] Error 1
make[1]: Leaving directory '/home/pi/Veilige_soft_test/test_project/test_project/target/debug/build/sdl2-sys-2747283d7028307e/out/build/CMakeFiles/CMakeTmp'
Makefile:126: recipe for target 'cmTC_62056/fast' failed
make: *** [cmTC_62056/fast] Error 2


Determining if the include file X11/extensions/shape.h exists failed with the following output:
Change Dir: /home/pi/Veilige_soft_test/test_project/test_project/target/debug/build/sdl2-sys-2747283d7028307e/out/build/CMakeFiles/CMakeTmp

Run Build Command:"/usr/bin/make" "cmTC_bd59f/fast"
/usr/bin/make -f CMakeFiles/cmTC_bd59f.dir/build.make CMakeFiles/cmTC_bd59f.dir/build
make[1]: Entering directory '/home/pi/Veilige_soft_test/test_project/test_project/target/debug/build/sdl2-sys-2747283d7028307e/out/build/CMakeFiles/CMakeTmp'
Building C object CMakeFiles/cmTC_bd59f.dir/CheckIncludeFile.c.o
/usr/bin/cc    -ffunction-sections -fdata-sections -fPIC -march=armv7-a -I/opt/vc/include/interface/vmcs_host/linux/ -I/opt/vc/include/interface/vcos/pthreads -I/opt/vc/include  -L/opt/vc/lib     -o CMakeFiles/cmTC_bd59f.dir/CheckIncludeFile.c.o   -c /home/pi/Veilige_soft_test/test_project/test_project/target/debug/build/sdl2-sys-2747283d7028307e/out/build/CMakeFiles/CMakeTmp/CheckIncludeFile.c
/home/pi/Veilige_soft_test/test_project/test_project/target/debug/build/sdl2-sys-2747283d7028307e/out/build/CMakeFiles/CMakeTmp/CheckIncludeFile.c:1:34: fatal error: X11/extensions/shape.h: No such file or directory
 #include <X11/extensions/shape.h>
                                  ^
compilation terminated.
CMakeFiles/cmTC_bd59f.dir/build.make:65: recipe for target 'CMakeFiles/cmTC_bd59f.dir/CheckIncludeFile.c.o' failed
make[1]: *** [CMakeFiles/cmTC_bd59f.dir/CheckIncludeFile.c.o] Error 1
make[1]: Leaving directory '/home/pi/Veilige_soft_test/test_project/test_project/target/debug/build/sdl2-sys-2747283d7028307e/out/build/CMakeFiles/CMakeTmp'
Makefile:126: recipe for target 'cmTC_bd59f/fast' failed
make: *** [cmTC_bd59f/fast] Error 2


Determining if files X11/Xlib.h;X11/extensions/xf86vmode.h exist failed with the following output:
Change Dir: /home/pi/Veilige_soft_test/test_project/test_project/target/debug/build/sdl2-sys-2747283d7028307e/out/build/CMakeFiles/CMakeTmp

Run Build Command:"/usr/bin/make" "cmTC_abd3f/fast"
/usr/bin/make -f CMakeFiles/cmTC_abd3f.dir/build.make CMakeFiles/cmTC_abd3f.dir/build
make[1]: Entering directory '/home/pi/Veilige_soft_test/test_project/test_project/target/debug/build/sdl2-sys-2747283d7028307e/out/build/CMakeFiles/CMakeTmp'
Building C object CMakeFiles/cmTC_abd3f.dir/CheckIncludeFiles.c.o
/usr/bin/cc    -ffunction-sections -fdata-sections -fPIC -march=armv7-a -I/opt/vc/include/interface/vmcs_host/linux/ -I/opt/vc/include/interface/vcos/pthreads -I/opt/vc/include  -L/opt/vc/lib     -o CMakeFiles/cmTC_abd3f.dir/CheckIncludeFiles.c.o   -c /home/pi/Veilige_soft_test/test_project/test_project/target/debug/build/sdl2-sys-2747283d7028307e/out/build/CMakeFiles/CMakeTmp/CheckIncludeFiles.c
/home/pi/Veilige_soft_test/test_project/test_project/target/debug/build/sdl2-sys-2747283d7028307e/out/build/CMakeFiles/CMakeTmp/CheckIncludeFiles.c:2:22: fatal error: X11/Xlib.h: No such file or directory
 #include <X11/Xlib.h>
                      ^
compilation terminated.
CMakeFiles/cmTC_abd3f.dir/build.make:65: recipe for target 'CMakeFiles/cmTC_abd3f.dir/CheckIncludeFiles.c.o' failed
make[1]: *** [CMakeFiles/cmTC_abd3f.dir/CheckIncludeFiles.c.o] Error 1
make[1]: Leaving directory '/home/pi/Veilige_soft_test/test_project/test_project/target/debug/build/sdl2-sys-2747283d7028307e/out/build/CMakeFiles/CMakeTmp'
Makefile:126: recipe for target 'cmTC_abd3f/fast' failed
make: *** [cmTC_abd3f/fast] Error 2

Source:
/* */
#include <X11/Xlib.h>
#include <X11/extensions/xf86vmode.h>


int main(void){return 0;}

Determining if files X11/Xlib.h;X11/Xproto.h;X11/extensions/Xext.h exist failed with the following output:
Change Dir: /home/pi/Veilige_soft_test/test_project/test_project/target/debug/build/sdl2-sys-2747283d7028307e/out/build/CMakeFiles/CMakeTmp

Run Build Command:"/usr/bin/make" "cmTC_10607/fast"
/usr/bin/make -f CMakeFiles/cmTC_10607.dir/build.make CMakeFiles/cmTC_10607.dir/build
make[1]: Entering directory '/home/pi/Veilige_soft_test/test_project/test_project/target/debug/build/sdl2-sys-2747283d7028307e/out/build/CMakeFiles/CMakeTmp'
Building C object CMakeFiles/cmTC_10607.dir/CheckIncludeFiles.c.o
/usr/bin/cc    -ffunction-sections -fdata-sections -fPIC -march=armv7-a -I/opt/vc/include/interface/vmcs_host/linux/ -I/opt/vc/include/interface/vcos/pthreads -I/opt/vc/include  -L/opt/vc/lib     -o CMakeFiles/cmTC_10607.dir/CheckIncludeFiles.c.o   -c /home/pi/Veilige_soft_test/test_project/test_project/target/debug/build/sdl2-sys-2747283d7028307e/out/build/CMakeFiles/CMakeTmp/CheckIncludeFiles.c
/home/pi/Veilige_soft_test/test_project/test_project/target/debug/build/sdl2-sys-2747283d7028307e/out/build/CMakeFiles/CMakeTmp/CheckIncludeFiles.c:2:22: fatal error: X11/Xlib.h: No such file or directory
 #include <X11/Xlib.h>
                      ^
compilation terminated.
CMakeFiles/cmTC_10607.dir/build.make:65: recipe for target 'CMakeFiles/cmTC_10607.dir/CheckIncludeFiles.c.o' failed
make[1]: *** [CMakeFiles/cmTC_10607.dir/CheckIncludeFiles.c.o] Error 1
make[1]: Leaving directory '/home/pi/Veilige_soft_test/test_project/test_project/target/debug/build/sdl2-sys-2747283d7028307e/out/build/CMakeFiles/CMakeTmp'
Makefile:126: recipe for target 'cmTC_10607/fast' failed
make: *** [cmTC_10607/fast] Error 2

Source:
/* */
#include <X11/Xlib.h>
#include <X11/Xproto.h>
#include <X11/extensions/Xext.h>


int main(void){return 0;}

Performing C SOURCE FILE Test HAVE_VIDEO_OPENGL failed with the following output:
Change Dir: /home/pi/Veilige_soft_test/test_project/test_project/target/debug/build/sdl2-sys-2747283d7028307e/out/build/CMakeFiles/CMakeTmp

Run Build Command:"/usr/bin/make" "cmTC_e366a/fast"
/usr/bin/make -f CMakeFiles/cmTC_e366a.dir/build.make CMakeFiles/cmTC_e366a.dir/build
make[1]: Entering directory '/home/pi/Veilige_soft_test/test_project/test_project/target/debug/build/sdl2-sys-2747283d7028307e/out/build/CMakeFiles/CMakeTmp'
Building C object CMakeFiles/cmTC_e366a.dir/src.c.o
/usr/bin/cc    -ffunction-sections -fdata-sections -fPIC -march=armv7-a -I/opt/vc/include/interface/vmcs_host/linux/ -I/opt/vc/include/interface/vcos/pthreads -I/opt/vc/include  -L/opt/vc/lib  -DHAVE_VIDEO_OPENGL   -o CMakeFiles/cmTC_e366a.dir/src.c.o   -c /home/pi/Veilige_soft_test/test_project/test_project/target/debug/build/sdl2-sys-2747283d7028307e/out/build/CMakeFiles/CMakeTmp/src.c
/home/pi/Veilige_soft_test/test_project/test_project/target/debug/build/sdl2-sys-2747283d7028307e/out/build/CMakeFiles/CMakeTmp/src.c:2:27: fatal error: GL/gl.h: No such file or directory
         #include <GL/gl.h>
                           ^
compilation terminated.
CMakeFiles/cmTC_e366a.dir/build.make:65: recipe for target 'CMakeFiles/cmTC_e366a.dir/src.c.o' failed
make[1]: *** [CMakeFiles/cmTC_e366a.dir/src.c.o] Error 1
make[1]: Leaving directory '/home/pi/Veilige_soft_test/test_project/test_project/target/debug/build/sdl2-sys-2747283d7028307e/out/build/CMakeFiles/CMakeTmp'
Makefile:126: recipe for target 'cmTC_e366a/fast' failed
make: *** [cmTC_e366a/fast] Error 2

Source file was:

        #include <GL/gl.h>
        #include <GL/glx.h>
        int main(int argc, char** argv) {}
Performing C SOURCE FILE Test HAVE_VIDEO_VIVANTE_VDK failed with the following output:
Change Dir: /home/pi/Veilige_soft_test/test_project/test_project/target/debug/build/sdl2-sys-2747283d7028307e/out/build/CMakeFiles/CMakeTmp

Run Build Command:"/usr/bin/make" "cmTC_9bb3c/fast"
/usr/bin/make -f CMakeFiles/cmTC_9bb3c.dir/build.make CMakeFiles/cmTC_9bb3c.dir/build
make[1]: Entering directory '/home/pi/Veilige_soft_test/test_project/test_project/target/debug/build/sdl2-sys-2747283d7028307e/out/build/CMakeFiles/CMakeTmp'
Building C object CMakeFiles/cmTC_9bb3c.dir/src.c.o
/usr/bin/cc    -ffunction-sections -fdata-sections -fPIC -march=armv7-a -I/opt/vc/include/interface/vmcs_host/linux/ -I/opt/vc/include/interface/vcos/pthreads -I/opt/vc/include  -L/opt/vc/lib  -DHAVE_VIDEO_VIVANTE_VDK   -o CMakeFiles/cmTC_9bb3c.dir/src.c.o   -c /home/pi/Veilige_soft_test/test_project/test_project/target/debug/build/sdl2-sys-2747283d7028307e/out/build/CMakeFiles/CMakeTmp/src.c
/home/pi/Veilige_soft_test/test_project/test_project/target/debug/build/sdl2-sys-2747283d7028307e/out/build/CMakeFiles/CMakeTmp/src.c:2:28: fatal error: gc_vdk.h: No such file or directory
         #include <gc_vdk.h>
                            ^
compilation terminated.
CMakeFiles/cmTC_9bb3c.dir/build.make:65: recipe for target 'CMakeFiles/cmTC_9bb3c.dir/src.c.o' failed
make[1]: *** [CMakeFiles/cmTC_9bb3c.dir/src.c.o] Error 1
make[1]: Leaving directory '/home/pi/Veilige_soft_test/test_project/test_project/target/debug/build/sdl2-sys-2747283d7028307e/out/build/CMakeFiles/CMakeTmp'
Makefile:126: recipe for target 'cmTC_9bb3c/fast' failed
make: *** [cmTC_9bb3c/fast] Error 2

Source file was:

        #include <gc_vdk.h>
        int main(int argc, char** argv) {}
Performing C SOURCE FILE Test HAVE_VIDEO_VIVANTE_EGL_FB failed with the following output:
Change Dir: /home/pi/Veilige_soft_test/test_project/test_project/target/debug/build/sdl2-sys-2747283d7028307e/out/build/CMakeFiles/CMakeTmp

Run Build Command:"/usr/bin/make" "cmTC_d9fcd/fast"
/usr/bin/make -f CMakeFiles/cmTC_d9fcd.dir/build.make CMakeFiles/cmTC_d9fcd.dir/build
make[1]: Entering directory '/home/pi/Veilige_soft_test/test_project/test_project/target/debug/build/sdl2-sys-2747283d7028307e/out/build/CMakeFiles/CMakeTmp'
Building C object CMakeFiles/cmTC_d9fcd.dir/src.c.o
/usr/bin/cc    -ffunction-sections -fdata-sections -fPIC -march=armv7-a -I/opt/vc/include/interface/vmcs_host/linux/ -I/opt/vc/include/interface/vcos/pthreads -I/opt/vc/include  -L/opt/vc/lib  -DHAVE_VIDEO_VIVANTE_EGL_FB   -o CMakeFiles/cmTC_d9fcd.dir/src.c.o   -c /home/pi/Veilige_soft_test/test_project/test_project/target/debug/build/sdl2-sys-2747283d7028307e/out/build/CMakeFiles/CMakeTmp/src.c
/home/pi/Veilige_soft_test/test_project/test_project/target/debug/build/sdl2-sys-2747283d7028307e/out/build/CMakeFiles/CMakeTmp/src.c:4:36: fatal error: EGL/eglvivante.h: No such file or directory
         #include <EGL/eglvivante.h>
                                    ^
compilation terminated.
CMakeFiles/cmTC_d9fcd.dir/build.make:65: recipe for target 'CMakeFiles/cmTC_d9fcd.dir/src.c.o' failed
make[1]: *** [CMakeFiles/cmTC_d9fcd.dir/src.c.o] Error 1
make[1]: Leaving directory '/home/pi/Veilige_soft_test/test_project/test_project/target/debug/build/sdl2-sys-2747283d7028307e/out/build/CMakeFiles/CMakeTmp'
Makefile:126: recipe for target 'cmTC_d9fcd/fast' failed
make: *** [cmTC_d9fcd/fast] Error 2

Source file was:

        #define LINUX
        #define EGL_API_FB
        #include <EGL/eglvivante.h>
        int main(int argc, char** argv) {}
Determining if the include file libudev.h exists failed with the following output:
Change Dir: /home/pi/Veilige_soft_test/test_project/test_project/target/debug/build/sdl2-sys-2747283d7028307e/out/build/CMakeFiles/CMakeTmp

Run Build Command:"/usr/bin/make" "cmTC_7fb27/fast"
/usr/bin/make -f CMakeFiles/cmTC_7fb27.dir/build.make CMakeFiles/cmTC_7fb27.dir/build
make[1]: Entering directory '/home/pi/Veilige_soft_test/test_project/test_project/target/debug/build/sdl2-sys-2747283d7028307e/out/build/CMakeFiles/CMakeTmp'
Building C object CMakeFiles/cmTC_7fb27.dir/CheckIncludeFile.c.o
/usr/bin/cc    -ffunction-sections -fdata-sections -fPIC -march=armv7-a -I/opt/vc/include/interface/vmcs_host/linux/ -I/opt/vc/include/interface/vcos/pthreads -I/opt/vc/include  -L/opt/vc/lib     -o CMakeFiles/cmTC_7fb27.dir/CheckIncludeFile.c.o   -c /home/pi/Veilige_soft_test/test_project/test_project/target/debug/build/sdl2-sys-2747283d7028307e/out/build/CMakeFiles/CMakeTmp/CheckIncludeFile.c
/home/pi/Veilige_soft_test/test_project/test_project/target/debug/build/sdl2-sys-2747283d7028307e/out/build/CMakeFiles/CMakeTmp/CheckIncludeFile.c:1:21: fatal error: libudev.h: No such file or directory
 #include <libudev.h>
                     ^
compilation terminated.
CMakeFiles/cmTC_7fb27.dir/build.make:65: recipe for target 'CMakeFiles/cmTC_7fb27.dir/CheckIncludeFile.c.o' failed
make[1]: *** [CMakeFiles/cmTC_7fb27.dir/CheckIncludeFile.c.o] Error 1
make[1]: Leaving directory '/home/pi/Veilige_soft_test/test_project/test_project/target/debug/build/sdl2-sys-2747283d7028307e/out/build/CMakeFiles/CMakeTmp'
Makefile:126: recipe for target 'cmTC_7fb27/fast' failed
make: *** [cmTC_7fb27/fast] Error 2


Determining if the include file fcitx/frontend.h exists failed with the following output:
Change Dir: /home/pi/Veilige_soft_test/test_project/test_project/target/debug/build/sdl2-sys-2747283d7028307e/out/build/CMakeFiles/CMakeTmp

Run Build Command:"/usr/bin/make" "cmTC_00062/fast"
/usr/bin/make -f CMakeFiles/cmTC_00062.dir/build.make CMakeFiles/cmTC_00062.dir/build
make[1]: Entering directory '/home/pi/Veilige_soft_test/test_project/test_project/target/debug/build/sdl2-sys-2747283d7028307e/out/build/CMakeFiles/CMakeTmp'
Building C object CMakeFiles/cmTC_00062.dir/CheckIncludeFile.c.o
/usr/bin/cc    -ffunction-sections -fdata-sections -fPIC -march=armv7-a -I/opt/vc/include/interface/vmcs_host/linux/ -I/opt/vc/include/interface/vcos/pthreads -I/opt/vc/include  -L/opt/vc/lib     -o CMakeFiles/cmTC_00062.dir/CheckIncludeFile.c.o   -c /home/pi/Veilige_soft_test/test_project/test_project/target/debug/build/sdl2-sys-2747283d7028307e/out/build/CMakeFiles/CMakeTmp/CheckIncludeFile.c
/home/pi/Veilige_soft_test/test_project/test_project/target/debug/build/sdl2-sys-2747283d7028307e/out/build/CMakeFiles/CMakeTmp/CheckIncludeFile.c:1:28: fatal error: fcitx/frontend.h: No such file or directory
 #include <fcitx/frontend.h>
                            ^
compilation terminated.
CMakeFiles/cmTC_00062.dir/build.make:65: recipe for target 'CMakeFiles/cmTC_00062.dir/CheckIncludeFile.c.o' failed
make[1]: *** [CMakeFiles/cmTC_00062.dir/CheckIncludeFile.c.o] Error 1
make[1]: Leaving directory '/home/pi/Veilige_soft_test/test_project/test_project/target/debug/build/sdl2-sys-2747283d7028307e/out/build/CMakeFiles/CMakeTmp'
Makefile:126: recipe for target 'cmTC_00062/fast' failed
make: *** [cmTC_00062/fast] Error 2


Performing C SOURCE FILE Test HAVE_INPUT_TSLIB failed with the following output:
Change Dir: /home/pi/Veilige_soft_test/test_project/test_project/target/debug/build/sdl2-sys-2747283d7028307e/out/build/CMakeFiles/CMakeTmp

Run Build Command:"/usr/bin/make" "cmTC_97486/fast"
/usr/bin/make -f CMakeFiles/cmTC_97486.dir/build.make CMakeFiles/cmTC_97486.dir/build
make[1]: Entering directory '/home/pi/Veilige_soft_test/test_project/test_project/target/debug/build/sdl2-sys-2747283d7028307e/out/build/CMakeFiles/CMakeTmp'
Building C object CMakeFiles/cmTC_97486.dir/src.c.o
/usr/bin/cc    -ffunction-sections -fdata-sections -fPIC -march=armv7-a -I/opt/vc/include/interface/vmcs_host/linux/ -I/opt/vc/include/interface/vcos/pthreads -I/opt/vc/include  -L/opt/vc/lib  -DHAVE_INPUT_TSLIB   -o CMakeFiles/cmTC_97486.dir/src.c.o   -c /home/pi/Veilige_soft_test/test_project/test_project/target/debug/build/sdl2-sys-2747283d7028307e/out/build/CMakeFiles/CMakeTmp/src.c
/home/pi/Veilige_soft_test/test_project/test_project/target/debug/build/sdl2-sys-2747283d7028307e/out/build/CMakeFiles/CMakeTmp/src.c:2:27: fatal error: tslib.h: No such file or directory
         #include "tslib.h"
                           ^
compilation terminated.
CMakeFiles/cmTC_97486.dir/build.make:65: recipe for target 'CMakeFiles/cmTC_97486.dir/src.c.o' failed
make[1]: *** [CMakeFiles/cmTC_97486.dir/src.c.o] Error 1
make[1]: Leaving directory '/home/pi/Veilige_soft_test/test_project/test_project/target/debug/build/sdl2-sys-2747283d7028307e/out/build/CMakeFiles/CMakeTmp'
Makefile:126: recipe for target 'cmTC_97486/fast' failed
make: *** [cmTC_97486/fast] Error 2

Source file was:

        #include "tslib.h"
        int main(int argc, char** argv) { }
Determining if the function hid_init exists in the usbhid failed with the following output:
Change Dir: /home/pi/Veilige_soft_test/test_project/test_project/target/debug/build/sdl2-sys-2747283d7028307e/out/build/CMakeFiles/CMakeTmp

Run Build Command:"/usr/bin/make" "cmTC_23115/fast"
/usr/bin/make -f CMakeFiles/cmTC_23115.dir/build.make CMakeFiles/cmTC_23115.dir/build
make[1]: Entering directory '/home/pi/Veilige_soft_test/test_project/test_project/target/debug/build/sdl2-sys-2747283d7028307e/out/build/CMakeFiles/CMakeTmp'
Building C object CMakeFiles/cmTC_23115.dir/CheckFunctionExists.c.o
/usr/bin/cc    -ffunction-sections -fdata-sections -fPIC -march=armv7-a -I/opt/vc/include/interface/vmcs_host/linux/ -I/opt/vc/include/interface/vcos/pthreads -I/opt/vc/include  -L/opt/vc/lib  -DCHECK_FUNCTION_EXISTS=hid_init   -o CMakeFiles/cmTC_23115.dir/CheckFunctionExists.c.o   -c /usr/share/cmake-3.7/Modules/CheckFunctionExists.c
Linking C executable cmTC_23115
/usr/bin/cmake -E cmake_link_script CMakeFiles/cmTC_23115.dir/link.txt --verbose=1
/usr/bin/cc   -ffunction-sections -fdata-sections -fPIC -march=armv7-a -I/opt/vc/include/interface/vmcs_host/linux/ -I/opt/vc/include/interface/vcos/pthreads -I/opt/vc/include  -L/opt/vc/lib  -DCHECK_FUNCTION_EXISTS=hid_init    CMakeFiles/cmTC_23115.dir/CheckFunctionExists.c.o  -o cmTC_23115 -rdynamic -lusbhid 
/usr/bin/ld: cannot find -lusbhid
collect2: error: ld returned 1 exit status
CMakeFiles/cmTC_23115.dir/build.make:97: recipe for target 'cmTC_23115' failed
make[1]: *** [cmTC_23115] Error 1
make[1]: Leaving directory '/home/pi/Veilige_soft_test/test_project/test_project/target/debug/build/sdl2-sys-2747283d7028307e/out/build/CMakeFiles/CMakeTmp'
Makefile:126: recipe for target 'cmTC_23115/fast' failed
make: *** [cmTC_23115/fast] Error 2


Determining if the include file usb.h exists failed with the following output:
Change Dir: /home/pi/Veilige_soft_test/test_project/test_project/target/debug/build/sdl2-sys-2747283d7028307e/out/build/CMakeFiles/CMakeTmp

Run Build Command:"/usr/bin/make" "cmTC_4229b/fast"
/usr/bin/make -f CMakeFiles/cmTC_4229b.dir/build.make CMakeFiles/cmTC_4229b.dir/build
make[1]: Entering directory '/home/pi/Veilige_soft_test/test_project/test_project/target/debug/build/sdl2-sys-2747283d7028307e/out/build/CMakeFiles/CMakeTmp'
Building C object CMakeFiles/cmTC_4229b.dir/CheckIncludeFile.c.o
/usr/bin/cc    -ffunction-sections -fdata-sections -fPIC -march=armv7-a -I/opt/vc/include/interface/vmcs_host/linux/ -I/opt/vc/include/interface/vcos/pthreads -I/opt/vc/include  -L/opt/vc/lib     -o CMakeFiles/cmTC_4229b.dir/CheckIncludeFile.c.o   -c /home/pi/Veilige_soft_test/test_project/test_project/target/debug/build/sdl2-sys-2747283d7028307e/out/build/CMakeFiles/CMakeTmp/CheckIncludeFile.c
/home/pi/Veilige_soft_test/test_project/test_project/target/debug/build/sdl2-sys-2747283d7028307e/out/build/CMakeFiles/CMakeTmp/CheckIncludeFile.c:1:17: fatal error: usb.h: No such file or directory
 #include <usb.h>
                 ^
compilation terminated.
CMakeFiles/cmTC_4229b.dir/build.make:65: recipe for target 'CMakeFiles/cmTC_4229b.dir/CheckIncludeFile.c.o' failed
make[1]: *** [CMakeFiles/cmTC_4229b.dir/CheckIncludeFile.c.o] Error 1
make[1]: Leaving directory '/home/pi/Veilige_soft_test/test_project/test_project/target/debug/build/sdl2-sys-2747283d7028307e/out/build/CMakeFiles/CMakeTmp'
Makefile:126: recipe for target 'cmTC_4229b/fast' failed
make: *** [cmTC_4229b/fast] Error 2


Determining if the include file libusb.h exists failed with the following output:
Change Dir: /home/pi/Veilige_soft_test/test_project/test_project/target/debug/build/sdl2-sys-2747283d7028307e/out/build/CMakeFiles/CMakeTmp

Run Build Command:"/usr/bin/make" "cmTC_5dabf/fast"
/usr/bin/make -f CMakeFiles/cmTC_5dabf.dir/build.make CMakeFiles/cmTC_5dabf.dir/build
make[1]: Entering directory '/home/pi/Veilige_soft_test/test_project/test_project/target/debug/build/sdl2-sys-2747283d7028307e/out/build/CMakeFiles/CMakeTmp'
Building C object CMakeFiles/cmTC_5dabf.dir/CheckIncludeFile.c.o
/usr/bin/cc    -ffunction-sections -fdata-sections -fPIC -march=armv7-a -I/opt/vc/include/interface/vmcs_host/linux/ -I/opt/vc/include/interface/vcos/pthreads -I/opt/vc/include  -L/opt/vc/lib     -o CMakeFiles/cmTC_5dabf.dir/CheckIncludeFile.c.o   -c /home/pi/Veilige_soft_test/test_project/test_project/target/debug/build/sdl2-sys-2747283d7028307e/out/build/CMakeFiles/CMakeTmp/CheckIncludeFile.c
/home/pi/Veilige_soft_test/test_project/test_project/target/debug/build/sdl2-sys-2747283d7028307e/out/build/CMakeFiles/CMakeTmp/CheckIncludeFile.c:1:20: fatal error: libusb.h: No such file or directory
 #include <libusb.h>
                    ^
compilation terminated.
CMakeFiles/cmTC_5dabf.dir/build.make:65: recipe for target 'CMakeFiles/cmTC_5dabf.dir/CheckIncludeFile.c.o' failed
make[1]: *** [CMakeFiles/cmTC_5dabf.dir/CheckIncludeFile.c.o] Error 1
make[1]: Leaving directory '/home/pi/Veilige_soft_test/test_project/test_project/target/debug/build/sdl2-sys-2747283d7028307e/out/build/CMakeFiles/CMakeTmp'
Makefile:126: recipe for target 'cmTC_5dabf/fast' failed
make: *** [cmTC_5dabf/fast] Error 2


Determining if the function hid_init exists in the usb failed with the following output:
Change Dir: /home/pi/Veilige_soft_test/test_project/test_project/target/debug/build/sdl2-sys-2747283d7028307e/out/build/CMakeFiles/CMakeTmp

Run Build Command:"/usr/bin/make" "cmTC_3ee48/fast"
/usr/bin/make -f CMakeFiles/cmTC_3ee48.dir/build.make CMakeFiles/cmTC_3ee48.dir/build
make[1]: Entering directory '/home/pi/Veilige_soft_test/test_project/test_project/target/debug/build/sdl2-sys-2747283d7028307e/out/build/CMakeFiles/CMakeTmp'
Building C object CMakeFiles/cmTC_3ee48.dir/CheckFunctionExists.c.o
/usr/bin/cc    -ffunction-sections -fdata-sections -fPIC -march=armv7-a -I/opt/vc/include/interface/vmcs_host/linux/ -I/opt/vc/include/interface/vcos/pthreads -I/opt/vc/include  -L/opt/vc/lib  -DCHECK_FUNCTION_EXISTS=hid_init   -o CMakeFiles/cmTC_3ee48.dir/CheckFunctionExists.c.o   -c /usr/share/cmake-3.7/Modules/CheckFunctionExists.c
Linking C executable cmTC_3ee48
/usr/bin/cmake -E cmake_link_script CMakeFiles/cmTC_3ee48.dir/link.txt --verbose=1
/usr/bin/cc   -ffunction-sections -fdata-sections -fPIC -march=armv7-a -I/opt/vc/include/interface/vmcs_host/linux/ -I/opt/vc/include/interface/vcos/pthreads -I/opt/vc/include  -L/opt/vc/lib  -DCHECK_FUNCTION_EXISTS=hid_init    CMakeFiles/cmTC_3ee48.dir/CheckFunctionExists.c.o  -o cmTC_3ee48 -rdynamic -lusb 
/usr/bin/ld: cannot find -lusb
collect2: error: ld returned 1 exit status
CMakeFiles/cmTC_3ee48.dir/build.make:97: recipe for target 'cmTC_3ee48' failed
make[1]: *** [cmTC_3ee48] Error 1
make[1]: Leaving directory '/home/pi/Veilige_soft_test/test_project/test_project/target/debug/build/sdl2-sys-2747283d7028307e/out/build/CMakeFiles/CMakeTmp'
Makefile:126: recipe for target 'cmTC_3ee48/fast' failed
make: *** [cmTC_3ee48/fast] Error 2


Performing C SOURCE FILE Test HAVE_USBHID failed with the following output:
Change Dir: /home/pi/Veilige_soft_test/test_project/test_project/target/debug/build/sdl2-sys-2747283d7028307e/out/build/CMakeFiles/CMakeTmp

Run Build Command:"/usr/bin/make" "cmTC_bbded/fast"
/usr/bin/make -f CMakeFiles/cmTC_bbded.dir/build.make CMakeFiles/cmTC_bbded.dir/build
make[1]: Entering directory '/home/pi/Veilige_soft_test/test_project/test_project/target/debug/build/sdl2-sys-2747283d7028307e/out/build/CMakeFiles/CMakeTmp'
Building C object CMakeFiles/cmTC_bbded.dir/src.c.o
/usr/bin/cc    -ffunction-sections -fdata-sections -fPIC -march=armv7-a -I/opt/vc/include/interface/vmcs_host/linux/ -I/opt/vc/include/interface/vcos/pthreads -I/opt/vc/include  -L/opt/vc/lib  -DHAVE_USBHID   -o CMakeFiles/cmTC_bbded.dir/src.c.o   -c /home/pi/Veilige_soft_test/test_project/test_project/target/debug/build/sdl2-sys-2747283d7028307e/out/build/CMakeFiles/CMakeTmp/src.c
/home/pi/Veilige_soft_test/test_project/test_project/target/debug/build/sdl2-sys-2747283d7028307e/out/build/CMakeFiles/CMakeTmp/src.c:10:34: fatal error: dev/usb/usb.h: No such file or directory
         # include <dev/usb/usb.h>
                                  ^
compilation terminated.
CMakeFiles/cmTC_bbded.dir/build.make:65: recipe for target 'CMakeFiles/cmTC_bbded.dir/src.c.o' failed
make[1]: *** [CMakeFiles/cmTC_bbded.dir/src.c.o] Error 1
make[1]: Leaving directory '/home/pi/Veilige_soft_test/test_project/test_project/target/debug/build/sdl2-sys-2747283d7028307e/out/build/CMakeFiles/CMakeTmp'
Makefile:126: recipe for target 'cmTC_bbded/fast' failed
make: *** [cmTC_bbded/fast] Error 2

Source file was:

       #include <sys/types.h>
        #if defined(HAVE_USB_H)
        #include <usb.h>
        #endif
        #ifdef __DragonFly__
        # include <bus/usb/usb.h>
        # include <bus/usb/usbhid.h>
        #else
        # include <dev/usb/usb.h>
        # include <dev/usb/usbhid.h>
        #endif
        #if defined(HAVE_USBHID_H)
        #include <usbhid.h>
        #elif defined(HAVE_LIBUSB_H)
        #include <libusb.h>
        #elif defined(HAVE_LIBUSBHID_H)
        #include <libusbhid.h>
        #endif
        int main(int argc, char **argv) {
          struct report_desc *repdesc;
          struct usb_ctl_report *repbuf;
          hid_kind_t hidkind;
          return 0;
        }
Performing C SOURCE FILE Test HAVE_PTHREAD_NP_H failed with the following output:
Change Dir: /home/pi/Veilige_soft_test/test_project/test_project/target/debug/build/sdl2-sys-2747283d7028307e/out/build/CMakeFiles/CMakeTmp

Run Build Command:"/usr/bin/make" "cmTC_8fb64/fast"
/usr/bin/make -f CMakeFiles/cmTC_8fb64.dir/build.make CMakeFiles/cmTC_8fb64.dir/build
make[1]: Entering directory '/home/pi/Veilige_soft_test/test_project/test_project/target/debug/build/sdl2-sys-2747283d7028307e/out/build/CMakeFiles/CMakeTmp'
Building C object CMakeFiles/cmTC_8fb64.dir/src.c.o
/usr/bin/cc    -ffunction-sections -fdata-sections -fPIC -march=armv7-a -I/opt/vc/include/interface/vmcs_host/linux/ -I/opt/vc/include/interface/vcos/pthreads -I/opt/vc/include  -L/opt/vc/lib  -DHAVE_PTHREAD_NP_H   -D_REENTRANT -pthread   -o CMakeFiles/cmTC_8fb64.dir/src.c.o   -c /home/pi/Veilige_soft_test/test_project/test_project/target/debug/build/sdl2-sys-2747283d7028307e/out/build/CMakeFiles/CMakeTmp/src.c
/home/pi/Veilige_soft_test/test_project/test_project/target/debug/build/sdl2-sys-2747283d7028307e/out/build/CMakeFiles/CMakeTmp/src.c:3:34: fatal error: pthread_np.h: No such file or directory
           #include <pthread_np.h>
                                  ^
compilation terminated.
CMakeFiles/cmTC_8fb64.dir/build.make:65: recipe for target 'CMakeFiles/cmTC_8fb64.dir/src.c.o' failed
make[1]: *** [CMakeFiles/cmTC_8fb64.dir/src.c.o] Error 1
make[1]: Leaving directory '/home/pi/Veilige_soft_test/test_project/test_project/target/debug/build/sdl2-sys-2747283d7028307e/out/build/CMakeFiles/CMakeTmp'
Makefile:126: recipe for target 'cmTC_8fb64/fast' failed
make: *** [cmTC_8fb64/fast] Error 2

Source file was:

          #include <pthread.h>
          #include <pthread_np.h>
          int main(int argc, char** argv) { return 0; }
Determining if the function pthread_set_name_np exists failed with the following output:
Change Dir: /home/pi/Veilige_soft_test/test_project/test_project/target/debug/build/sdl2-sys-2747283d7028307e/out/build/CMakeFiles/CMakeTmp

Run Build Command:"/usr/bin/make" "cmTC_98423/fast"
/usr/bin/make -f CMakeFiles/cmTC_98423.dir/build.make CMakeFiles/cmTC_98423.dir/build
make[1]: Entering directory '/home/pi/Veilige_soft_test/test_project/test_project/target/debug/build/sdl2-sys-2747283d7028307e/out/build/CMakeFiles/CMakeTmp'
Building C object CMakeFiles/cmTC_98423.dir/CheckFunctionExists.c.o
/usr/bin/cc    -ffunction-sections -fdata-sections -fPIC -march=armv7-a -I/opt/vc/include/interface/vmcs_host/linux/ -I/opt/vc/include/interface/vcos/pthreads -I/opt/vc/include  -L/opt/vc/lib  -DCHECK_FUNCTION_EXISTS=pthread_set_name_np   -D_REENTRANT -pthread   -o CMakeFiles/cmTC_98423.dir/CheckFunctionExists.c.o   -c /usr/share/cmake-3.7/Modules/CheckFunctionExists.c
Linking C executable cmTC_98423
/usr/bin/cmake -E cmake_link_script CMakeFiles/cmTC_98423.dir/link.txt --verbose=1
/usr/bin/cc   -ffunction-sections -fdata-sections -fPIC -march=armv7-a -I/opt/vc/include/interface/vmcs_host/linux/ -I/opt/vc/include/interface/vcos/pthreads -I/opt/vc/include  -L/opt/vc/lib  -DCHECK_FUNCTION_EXISTS=pthread_set_name_np   -D_REENTRANT -pthread    CMakeFiles/cmTC_98423.dir/CheckFunctionExists.c.o  -o cmTC_98423 -rdynamic 
CMakeFiles/cmTC_98423.dir/CheckFunctionExists.c.o: In function `main':
CheckFunctionExists.c:(.text.main+0x14): undefined reference to `pthread_set_name_np'
collect2: error: ld returned 1 exit status
CMakeFiles/cmTC_98423.dir/build.make:97: recipe for target 'cmTC_98423' failed
make[1]: *** [cmTC_98423] Error 1
make[1]: Leaving directory '/home/pi/Veilige_soft_test/test_project/test_project/target/debug/build/sdl2-sys-2747283d7028307e/out/build/CMakeFiles/CMakeTmp'
Makefile:126: recipe for target 'cmTC_98423/fast' failed
make: *** [cmTC_98423/fast] Error 2


